[0.138s] Invoking command in '/home/omer/Desktop/dev_ws/build/my_package': CMAKE_PREFIX_PATH=/opt/ros/humble /usr/bin/cmake --build /home/omer/Desktop/dev_ws/build/my_package -- -j8 -l8
[1.752s] [100%] Built target my_node
[1.772s] Invoked command in '/home/omer/Desktop/dev_ws/build/my_package' returned '0': CMAKE_PREFIX_PATH=/opt/ros/humble /usr/bin/cmake --build /home/omer/Desktop/dev_ws/build/my_package -- -j8 -l8
[1.802s] Invoking command in '/home/omer/Desktop/dev_ws/build/my_package': CMAKE_PREFIX_PATH=/opt/ros/humble /usr/bin/cmake --install /home/omer/Desktop/dev_ws/build/my_package
[1.861s] -- Install configuration: ""
[1.940s] -- Up-to-date: /home/omer/Desktop/dev_ws/install/my_package/lib/my_package/my_node
[1.941s] -- Up-to-date: /home/omer/Desktop/dev_ws/install/my_package/share/ament_index/resource_index/package_run_dependencies/my_package
[1.942s] -- Up-to-date: /home/omer/Desktop/dev_ws/install/my_package/share/ament_index/resource_index/parent_prefix_path/my_package
[1.942s] -- Up-to-date: /home/omer/Desktop/dev_ws/install/my_package/share/my_package/environment/ament_prefix_path.sh
[1.943s] -- Up-to-date: /home/omer/Desktop/dev_ws/install/my_package/share/my_package/environment/ament_prefix_path.dsv
[1.944s] -- Up-to-date: /home/omer/Desktop/dev_ws/install/my_package/share/my_package/environment/path.sh
[1.944s] -- Up-to-date: /home/omer/Desktop/dev_ws/install/my_package/share/my_package/environment/path.dsv
[1.944s] -- Up-to-date: /home/omer/Desktop/dev_ws/install/my_package/share/my_package/local_setup.bash
[1.945s] -- Up-to-date: /home/omer/Desktop/dev_ws/install/my_package/share/my_package/local_setup.sh
[1.945s] -- Up-to-date: /home/omer/Desktop/dev_ws/install/my_package/share/my_package/local_setup.zsh
[1.945s] -- Up-to-date: /home/omer/Desktop/dev_ws/install/my_package/share/my_package/local_setup.dsv
[1.946s] -- Installing: /home/omer/Desktop/dev_ws/install/my_package/share/my_package/package.dsv
[1.946s] -- Up-to-date: /home/omer/Desktop/dev_ws/install/my_package/share/ament_index/resource_index/packages/my_package
[1.947s] -- Up-to-date: /home/omer/Desktop/dev_ws/install/my_package/share/my_package/cmake/my_packageConfig.cmake
[1.948s] -- Up-to-date: /home/omer/Desktop/dev_ws/install/my_package/share/my_package/cmake/my_packageConfig-version.cmake
[1.949s] -- Up-to-date: /home/omer/Desktop/dev_ws/install/my_package/share/my_package/package.xml
[1.953s] Invoked command in '/home/omer/Desktop/dev_ws/build/my_package' returned '0': CMAKE_PREFIX_PATH=/opt/ros/humble /usr/bin/cmake --install /home/omer/Desktop/dev_ws/build/my_package
