[0.183s] Invoking command in '/home/omer/Desktop/dev_ws/build/publisher_package': CMAKE_PREFIX_PATH=/opt/ros/humble /usr/bin/cmake --build /home/omer/Desktop/dev_ws/build/publisher_package -- -j8 -l8
[1.415s] [35m[1mConsolidate compiler generated dependencies of target listener[0m
[1.666s] [ 25%] [32mBuilding CXX object CMakeFiles/listener.dir/src/subscriber_node.cpp.o[0m
[1.667s] [ 75%] Built target talker
[12.217s] [100%] [32m[1mLinking CXX executable listener[0m
[13.569s] [100%] Built target listener
[13.576s] Invoked command in '/home/omer/Desktop/dev_ws/build/publisher_package' returned '0': CMAKE_PREFIX_PATH=/opt/ros/humble /usr/bin/cmake --build /home/omer/Desktop/dev_ws/build/publisher_package -- -j8 -l8
[13.595s] Invoking command in '/home/omer/Desktop/dev_ws/build/publisher_package': CMAKE_PREFIX_PATH=/opt/ros/humble /usr/bin/cmake --install /home/omer/Desktop/dev_ws/build/publisher_package
[13.624s] -- Install configuration: ""
[13.639s] -- Up-to-date: /home/omer/Desktop/dev_ws/install/publisher_package/lib/publisher_package/talker
[13.658s] -- Installing: /home/omer/Desktop/dev_ws/install/publisher_package/lib/publisher_package/listener
[13.664s] -- Set runtime path of "/home/omer/Desktop/dev_ws/install/publisher_package/lib/publisher_package/listener" to ""
[13.664s] -- Up-to-date: /home/omer/Desktop/dev_ws/install/publisher_package/share/ament_index/resource_index/package_run_dependencies/publisher_package
[13.665s] -- Up-to-date: /home/omer/Desktop/dev_ws/install/publisher_package/share/ament_index/resource_index/parent_prefix_path/publisher_package
[13.665s] -- Up-to-date: /home/omer/Desktop/dev_ws/install/publisher_package/share/publisher_package/environment/ament_prefix_path.sh
[13.665s] -- Up-to-date: /home/omer/Desktop/dev_ws/install/publisher_package/share/publisher_package/environment/ament_prefix_path.dsv
[13.665s] -- Up-to-date: /home/omer/Desktop/dev_ws/install/publisher_package/share/publisher_package/environment/path.sh
[13.665s] -- Up-to-date: /home/omer/Desktop/dev_ws/install/publisher_package/share/publisher_package/environment/path.dsv
[13.665s] -- Up-to-date: /home/omer/Desktop/dev_ws/install/publisher_package/share/publisher_package/local_setup.bash
[13.665s] -- Up-to-date: /home/omer/Desktop/dev_ws/install/publisher_package/share/publisher_package/local_setup.sh
[13.665s] -- Up-to-date: /home/omer/Desktop/dev_ws/install/publisher_package/share/publisher_package/local_setup.zsh
[13.665s] -- Up-to-date: /home/omer/Desktop/dev_ws/install/publisher_package/share/publisher_package/local_setup.dsv
[13.665s] -- Installing: /home/omer/Desktop/dev_ws/install/publisher_package/share/publisher_package/package.dsv
[13.665s] -- Up-to-date: /home/omer/Desktop/dev_ws/install/publisher_package/share/ament_index/resource_index/packages/publisher_package
[13.665s] -- Up-to-date: /home/omer/Desktop/dev_ws/install/publisher_package/share/publisher_package/cmake/publisher_packageConfig.cmake
[13.666s] -- Up-to-date: /home/omer/Desktop/dev_ws/install/publisher_package/share/publisher_package/cmake/publisher_packageConfig-version.cmake
[13.666s] -- Up-to-date: /home/omer/Desktop/dev_ws/install/publisher_package/share/publisher_package/package.xml
[13.668s] Invoked command in '/home/omer/Desktop/dev_ws/build/publisher_package' returned '0': CMAKE_PREFIX_PATH=/opt/ros/humble /usr/bin/cmake --install /home/omer/Desktop/dev_ws/build/publisher_package
