[0.039s] Invoking command in '/home/omer/Desktop/dev_ws/build/publisher_package': CMAKE_PREFIX_PATH=/opt/ros/humble /usr/bin/cmake --build /home/omer/Desktop/dev_ws/build/publisher_package -- -j8 -l8
[0.364s] [35m[1mConsolidate compiler generated dependencies of target talker[0m
[0.415s] [ 50%] [32mBuilding CXX object CMakeFiles/talker.dir/src/publisher_node.cpp.o[0m
[4.798s] [100%] [32m[1mLinking CXX executable talker[0m
[4.968s] [100%] Built target talker
[4.978s] Invoked command in '/home/omer/Desktop/dev_ws/build/publisher_package' returned '0': CMAKE_PREFIX_PATH=/opt/ros/humble /usr/bin/cmake --build /home/omer/Desktop/dev_ws/build/publisher_package -- -j8 -l8
[5.001s] Invoking command in '/home/omer/Desktop/dev_ws/build/publisher_package': CMAKE_PREFIX_PATH=/opt/ros/humble /usr/bin/cmake --install /home/omer/Desktop/dev_ws/build/publisher_package
[5.007s] -- Install configuration: ""
[5.007s] -- Installing: /home/omer/Desktop/dev_ws/install/publisher_package/lib/publisher_package/talker
[5.008s] -- Set runtime path of "/home/omer/Desktop/dev_ws/install/publisher_package/lib/publisher_package/talker" to ""
[5.009s] -- Up-to-date: /home/omer/Desktop/dev_ws/install/publisher_package/share/ament_index/resource_index/package_run_dependencies/publisher_package
[5.009s] -- Up-to-date: /home/omer/Desktop/dev_ws/install/publisher_package/share/ament_index/resource_index/parent_prefix_path/publisher_package
[5.009s] -- Up-to-date: /home/omer/Desktop/dev_ws/install/publisher_package/share/publisher_package/environment/ament_prefix_path.sh
[5.009s] -- Up-to-date: /home/omer/Desktop/dev_ws/install/publisher_package/share/publisher_package/environment/ament_prefix_path.dsv
[5.009s] -- Up-to-date: /home/omer/Desktop/dev_ws/install/publisher_package/share/publisher_package/environment/path.sh
[5.009s] -- Up-to-date: /home/omer/Desktop/dev_ws/install/publisher_package/share/publisher_package/environment/path.dsv
[5.009s] -- Up-to-date: /home/omer/Desktop/dev_ws/install/publisher_package/share/publisher_package/local_setup.bash
[5.009s] -- Up-to-date: /home/omer/Desktop/dev_ws/install/publisher_package/share/publisher_package/local_setup.sh
[5.010s] -- Up-to-date: /home/omer/Desktop/dev_ws/install/publisher_package/share/publisher_package/local_setup.zsh
[5.010s] -- Up-to-date: /home/omer/Desktop/dev_ws/install/publisher_package/share/publisher_package/local_setup.dsv
[5.010s] -- Installing: /home/omer/Desktop/dev_ws/install/publisher_package/share/publisher_package/package.dsv
[5.010s] -- Up-to-date: /home/omer/Desktop/dev_ws/install/publisher_package/share/ament_index/resource_index/packages/publisher_package
[5.010s] -- Up-to-date: /home/omer/Desktop/dev_ws/install/publisher_package/share/publisher_package/cmake/publisher_packageConfig.cmake
[5.010s] -- Up-to-date: /home/omer/Desktop/dev_ws/install/publisher_package/share/publisher_package/cmake/publisher_packageConfig-version.cmake
[5.010s] -- Up-to-date: /home/omer/Desktop/dev_ws/install/publisher_package/share/publisher_package/package.xml
[5.012s] Invoked command in '/home/omer/Desktop/dev_ws/build/publisher_package' returned '0': CMAKE_PREFIX_PATH=/opt/ros/humble /usr/bin/cmake --install /home/omer/Desktop/dev_ws/build/publisher_package
