[0.043s] Invoking command in '/home/omer/Desktop/dev_ws/build/sbus_demo': CMAKE_PREFIX_PATH=/opt/ros/humble /usr/bin/cmake --build /home/omer/Desktop/dev_ws/build/sbus_demo -- -j8 -l8
[0.071s] [35m[1mConsolidate compiler generated dependencies of target sbus_demo[0m
[0.086s] [100%] Built target sbus_demo
[0.094s] Invoked command in '/home/omer/Desktop/dev_ws/build/sbus_demo' returned '0': CMAKE_PREFIX_PATH=/opt/ros/humble /usr/bin/cmake --build /home/omer/Desktop/dev_ws/build/sbus_demo -- -j8 -l8
[0.122s] Invoking command in '/home/omer/Desktop/dev_ws/build/sbus_demo': CMAKE_PREFIX_PATH=/opt/ros/humble /usr/bin/cmake --install /home/omer/Desktop/dev_ws/build/sbus_demo
[0.234s] -- Install configuration: ""
[0.291s] -- Installing: /home/omer/Desktop/dev_ws/install/sbus_demo/lib/sbus_demo/sbus_demo
[0.293s] -- Set runtime path of "/home/omer/Desktop/dev_ws/install/sbus_demo/lib/sbus_demo/sbus_demo" to ""
[0.293s] -- Up-to-date: /home/omer/Desktop/dev_ws/install/sbus_demo/share/ament_index/resource_index/package_run_dependencies/sbus_demo
[0.293s] -- Up-to-date: /home/omer/Desktop/dev_ws/install/sbus_demo/share/ament_index/resource_index/parent_prefix_path/sbus_demo
[0.293s] -- Up-to-date: /home/omer/Desktop/dev_ws/install/sbus_demo/share/sbus_demo/environment/ament_prefix_path.sh
[0.293s] -- Up-to-date: /home/omer/Desktop/dev_ws/install/sbus_demo/share/sbus_demo/environment/ament_prefix_path.dsv
[0.293s] -- Up-to-date: /home/omer/Desktop/dev_ws/install/sbus_demo/share/sbus_demo/environment/path.sh
[0.293s] -- Up-to-date: /home/omer/Desktop/dev_ws/install/sbus_demo/share/sbus_demo/environment/path.dsv
[0.293s] -- Up-to-date: /home/omer/Desktop/dev_ws/install/sbus_demo/share/sbus_demo/local_setup.bash
[0.294s] -- Up-to-date: /home/omer/Desktop/dev_ws/install/sbus_demo/share/sbus_demo/local_setup.sh
[0.294s] -- Up-to-date: /home/omer/Desktop/dev_ws/install/sbus_demo/share/sbus_demo/local_setup.zsh
[0.294s] -- Up-to-date: /home/omer/Desktop/dev_ws/install/sbus_demo/share/sbus_demo/local_setup.dsv
[0.294s] -- Installing: /home/omer/Desktop/dev_ws/install/sbus_demo/share/sbus_demo/package.dsv
[0.294s] -- Up-to-date: /home/omer/Desktop/dev_ws/install/sbus_demo/share/ament_index/resource_index/packages/sbus_demo
[0.294s] -- Up-to-date: /home/omer/Desktop/dev_ws/install/sbus_demo/share/sbus_demo/cmake/sbus_demoConfig.cmake
[0.294s] -- Up-to-date: /home/omer/Desktop/dev_ws/install/sbus_demo/share/sbus_demo/cmake/sbus_demoConfig-version.cmake
[0.294s] -- Up-to-date: /home/omer/Desktop/dev_ws/install/sbus_demo/share/sbus_demo/package.xml
[0.295s] Invoked command in '/home/omer/Desktop/dev_ws/build/sbus_demo' returned '0': CMAKE_PREFIX_PATH=/opt/ros/humble /usr/bin/cmake --install /home/omer/Desktop/dev_ws/build/sbus_demo
