[0.010s] Invoking command in '/home/omer/Desktop/dev_ws/build/sbus_demo': CMAKE_PREFIX_PATH=${CMAKE_PREFIX_PATH}:/opt/ros/humble /usr/bin/cmake --build /home/omer/Desktop/dev_ws/build/sbus_demo -- -j8 -l8
[0.060s] [35m[1mConsolidate compiler generated dependencies of target sbus_demo[0m
[0.394s] [ 50%] [32mBuilding CXX object CMakeFiles/sbus_demo.dir/src/sbus.cpp.o[0m
[2.986s] [100%] [32m[1mLinking CXX executable sbus_demo[0m
[3.095s] [100%] Built target sbus_demo
[3.140s] Invoked command in '/home/omer/Desktop/dev_ws/build/sbus_demo' returned '0': CMAKE_PREFIX_PATH=${CMAKE_PREFIX_PATH}:/opt/ros/humble /usr/bin/cmake --build /home/omer/Desktop/dev_ws/build/sbus_demo -- -j8 -l8
[3.205s] Invoking command in '/home/omer/Desktop/dev_ws/build/sbus_demo': CMAKE_PREFIX_PATH=${CMAKE_PREFIX_PATH}:/opt/ros/humble /usr/bin/cmake --install /home/omer/Desktop/dev_ws/build/sbus_demo
[3.215s] -- Install configuration: ""
[3.216s] -- Installing: /home/omer/Desktop/dev_ws/install/sbus_demo/lib/sbus_demo/sbus_demo
[3.216s] -- Set runtime path of "/home/omer/Desktop/dev_ws/install/sbus_demo/lib/sbus_demo/sbus_demo" to ""
[3.217s] -- Up-to-date: /home/omer/Desktop/dev_ws/install/sbus_demo/share/ament_index/resource_index/package_run_dependencies/sbus_demo
[3.217s] -- Up-to-date: /home/omer/Desktop/dev_ws/install/sbus_demo/share/ament_index/resource_index/parent_prefix_path/sbus_demo
[3.217s] -- Up-to-date: /home/omer/Desktop/dev_ws/install/sbus_demo/share/sbus_demo/environment/ament_prefix_path.sh
[3.217s] -- Up-to-date: /home/omer/Desktop/dev_ws/install/sbus_demo/share/sbus_demo/environment/ament_prefix_path.dsv
[3.218s] -- Up-to-date: /home/omer/Desktop/dev_ws/install/sbus_demo/share/sbus_demo/environment/path.sh
[3.218s] -- Up-to-date: /home/omer/Desktop/dev_ws/install/sbus_demo/share/sbus_demo/environment/path.dsv
[3.218s] -- Up-to-date: /home/omer/Desktop/dev_ws/install/sbus_demo/share/sbus_demo/local_setup.bash
[3.218s] -- Up-to-date: /home/omer/Desktop/dev_ws/install/sbus_demo/share/sbus_demo/local_setup.sh
[3.218s] -- Up-to-date: /home/omer/Desktop/dev_ws/install/sbus_demo/share/sbus_demo/local_setup.zsh
[3.218s] -- Up-to-date: /home/omer/Desktop/dev_ws/install/sbus_demo/share/sbus_demo/local_setup.dsv
[3.218s] -- Installing: /home/omer/Desktop/dev_ws/install/sbus_demo/share/sbus_demo/package.dsv
[3.218s] -- Up-to-date: /home/omer/Desktop/dev_ws/install/sbus_demo/share/ament_index/resource_index/packages/sbus_demo
[3.265s] -- Up-to-date: /home/omer/Desktop/dev_ws/install/sbus_demo/share/sbus_demo/cmake/sbus_demoConfig.cmake
[3.265s] -- Up-to-date: /home/omer/Desktop/dev_ws/install/sbus_demo/share/sbus_demo/cmake/sbus_demoConfig-version.cmake
[3.266s] -- Up-to-date: /home/omer/Desktop/dev_ws/install/sbus_demo/share/sbus_demo/package.xml
[3.270s] Invoked command in '/home/omer/Desktop/dev_ws/build/sbus_demo' returned '0': CMAKE_PREFIX_PATH=${CMAKE_PREFIX_PATH}:/opt/ros/humble /usr/bin/cmake --install /home/omer/Desktop/dev_ws/build/sbus_demo
