[0.099s] Invoking command in '/home/omer/Desktop/dev_ws/build/my_turtlesim': CMAKE_PREFIX_PATH=${CMAKE_PREFIX_PATH}:/opt/ros/humble /usr/bin/cmake --build /home/omer/Desktop/dev_ws/build/my_turtlesim -- -j8 -l8
[0.631s] [35m[1mConsolidate compiler generated dependencies of target myTurtle_node[0m
[0.661s] [100%] Built target myTurtle_node
[0.671s] Invoked command in '/home/omer/Desktop/dev_ws/build/my_turtlesim' returned '0': CMAKE_PREFIX_PATH=${CMAKE_PREFIX_PATH}:/opt/ros/humble /usr/bin/cmake --build /home/omer/Desktop/dev_ws/build/my_turtlesim -- -j8 -l8
[0.699s] Invoking command in '/home/omer/Desktop/dev_ws/build/my_turtlesim': CMAKE_PREFIX_PATH=${CMAKE_PREFIX_PATH}:/opt/ros/humble /usr/bin/cmake --install /home/omer/Desktop/dev_ws/build/my_turtlesim
[0.758s] -- Install configuration: ""
[0.759s] -- Up-to-date: /home/omer/Desktop/dev_ws/install/my_turtlesim/lib/my_turtlesim/myTurtle_node
[0.759s] -- Up-to-date: /home/omer/Desktop/dev_ws/install/my_turtlesim/share/ament_index/resource_index/package_run_dependencies/my_turtlesim
[0.759s] -- Up-to-date: /home/omer/Desktop/dev_ws/install/my_turtlesim/share/ament_index/resource_index/parent_prefix_path/my_turtlesim
[0.759s] -- Up-to-date: /home/omer/Desktop/dev_ws/install/my_turtlesim/share/my_turtlesim/environment/ament_prefix_path.sh
[0.759s] -- Up-to-date: /home/omer/Desktop/dev_ws/install/my_turtlesim/share/my_turtlesim/environment/ament_prefix_path.dsv
[0.759s] -- Up-to-date: /home/omer/Desktop/dev_ws/install/my_turtlesim/share/my_turtlesim/environment/path.sh
[0.759s] -- Up-to-date: /home/omer/Desktop/dev_ws/install/my_turtlesim/share/my_turtlesim/environment/path.dsv
[0.759s] -- Up-to-date: /home/omer/Desktop/dev_ws/install/my_turtlesim/share/my_turtlesim/local_setup.bash
[0.760s] -- Up-to-date: /home/omer/Desktop/dev_ws/install/my_turtlesim/share/my_turtlesim/local_setup.sh
[0.760s] -- Up-to-date: /home/omer/Desktop/dev_ws/install/my_turtlesim/share/my_turtlesim/local_setup.zsh
[0.760s] -- Up-to-date: /home/omer/Desktop/dev_ws/install/my_turtlesim/share/my_turtlesim/local_setup.dsv
[0.760s] -- Installing: /home/omer/Desktop/dev_ws/install/my_turtlesim/share/my_turtlesim/package.dsv
[0.760s] -- Up-to-date: /home/omer/Desktop/dev_ws/install/my_turtlesim/share/ament_index/resource_index/packages/my_turtlesim
[0.760s] -- Up-to-date: /home/omer/Desktop/dev_ws/install/my_turtlesim/share/my_turtlesim/cmake/my_turtlesimConfig.cmake
[0.760s] -- Up-to-date: /home/omer/Desktop/dev_ws/install/my_turtlesim/share/my_turtlesim/cmake/my_turtlesimConfig-version.cmake
[0.760s] -- Up-to-date: /home/omer/Desktop/dev_ws/install/my_turtlesim/share/my_turtlesim/package.xml
[0.828s] Invoked command in '/home/omer/Desktop/dev_ws/build/my_turtlesim' returned '0': CMAKE_PREFIX_PATH=${CMAKE_PREFIX_PATH}:/opt/ros/humble /usr/bin/cmake --install /home/omer/Desktop/dev_ws/build/my_turtlesim
