[01m[K/home/omer/Desktop/dev_ws/src/publisher_package/src/subscriber_node.cpp:12:29:[m[K [01;31m[Kerror: [m[K‘[01m[Kstd_msg[m[K’ does not name a type
   12 |         void callBack(const [01;31m[Kstd_msg[m[K::msg::String::SharedPtr message){
      |                             [01;31m[K^~~~~~~[m[K
[01m[K/home/omer/Desktop/dev_ws/src/publisher_package/src/subscriber_node.cpp:12:41:[m[K [01;31m[Kerror: [m[Kexpected unqualified-id before ‘[01m[K::[m[K’ token
   12 |         void callBack(const std_msg::msg[01;31m[K::[m[KString::SharedPtr message){
      |                                         [01;31m[K^~[m[K
[01m[K/home/omer/Desktop/dev_ws/src/publisher_package/src/subscriber_node.cpp:12:41:[m[K [01;31m[Kerror: [m[Kexpected ‘[01m[K)[m[K’ before ‘[01m[K::[m[K’ token
   12 |         void callBack[34m[K([m[Kconst std_msg::msg[01;31m[K:[m[K[32m[K:[m[KString::SharedPtr message){
      |                      [34m[K~[m[K                  [01;31m[K^[m[K[32m[K~[m[K
      |                                         [32m[K)[m[K
[01m[K/home/omer/Desktop/dev_ws/src/publisher_package/src/subscriber_node.cpp:12:38:[m[K [01;31m[Kerror: [m[Kexpected ‘[01m[K;[m[K’ at end of member declaration
   12 |         void callBack(const std_msg::[01;31m[Kmsg[m[K::String::SharedPtr message){
      |                                      [01;31m[K^~~[m[K
      |                                         [32m[K;[m[K
[01m[K/home/omer/Desktop/dev_ws/src/publisher_package/src/subscriber_node.cpp:12:43:[m[K [01;31m[Kerror: [m[K‘[01m[KString[m[K’ in namespace ‘[01m[K::[m[K’ does not name a type
   12 |         void callBack(const std_msg::msg::[01;31m[KString[m[K::SharedPtr message){
      |                                           [01;31m[K^~~~~~[m[K
[01m[K/home/omer/Desktop/dev_ws/src/publisher_package/src/subscriber_node.cpp:[m[K In constructor ‘[01m[Ksubscriber_node::subscriber_node()[m[K’:
[01m[K/home/omer/Desktop/dev_ws/src/publisher_package/src/subscriber_node.cpp:8:59:[m[K [01;31m[Kerror: [m[Kexpected primary-expression before ‘[01m[K,[m[K’ token
    8 |                                 std::bind(&subscriber_node[01;31m[K,[m[Kthis,std::placeholders::_1);
      |                                                           [01;31m[K^[m[K
gmake[2]: *** [CMakeFiles/listener.dir/build.make:76: CMakeFiles/listener.dir/src/subscriber_node.cpp.o] Error 1
gmake[1]: *** [CMakeFiles/Makefile2:165: CMakeFiles/listener.dir/all] Error 2
gmake: *** [Makefile:146: all] Error 2
