[0.012s] Invoking command in '/home/omer/Desktop/dev_ws/build/sbus_demo': CMAKE_PREFIX_PATH=${CMAKE_PREFIX_PATH}:/opt/ros/humble /usr/bin/cmake --build /home/omer/Desktop/dev_ws/build/sbus_demo -- -j8 -l8
[0.054s] [ 50%] [32mBuilding CXX object CMakeFiles/sbus_demo.dir/src/sbus.cpp.o[0m
[3.740s] [100%] [32m[1mLinking CXX executable sbus_demo[0m
[3.935s] [100%] Built target sbus_demo
[4.024s] Invoked command in '/home/omer/Desktop/dev_ws/build/sbus_demo' returned '0': CMAKE_PREFIX_PATH=${CMAKE_PREFIX_PATH}:/opt/ros/humble /usr/bin/cmake --build /home/omer/Desktop/dev_ws/build/sbus_demo -- -j8 -l8
[4.062s] Invoking command in '/home/omer/Desktop/dev_ws/build/sbus_demo': CMAKE_PREFIX_PATH=${CMAKE_PREFIX_PATH}:/opt/ros/humble /usr/bin/cmake --install /home/omer/Desktop/dev_ws/build/sbus_demo
[4.067s] -- Install configuration: ""
[4.067s] -- Installing: /home/omer/Desktop/dev_ws/install/sbus_demo/lib/sbus_demo/sbus_demo
[4.068s] -- Set runtime path of "/home/omer/Desktop/dev_ws/install/sbus_demo/lib/sbus_demo/sbus_demo" to ""
[4.069s] -- Up-to-date: /home/omer/Desktop/dev_ws/install/sbus_demo/share/ament_index/resource_index/package_run_dependencies/sbus_demo
[4.069s] -- Up-to-date: /home/omer/Desktop/dev_ws/install/sbus_demo/share/ament_index/resource_index/parent_prefix_path/sbus_demo
[4.069s] -- Up-to-date: /home/omer/Desktop/dev_ws/install/sbus_demo/share/sbus_demo/environment/ament_prefix_path.sh
[4.069s] -- Up-to-date: /home/omer/Desktop/dev_ws/install/sbus_demo/share/sbus_demo/environment/ament_prefix_path.dsv
[4.069s] -- Up-to-date: /home/omer/Desktop/dev_ws/install/sbus_demo/share/sbus_demo/environment/path.sh
[4.069s] -- Up-to-date: /home/omer/Desktop/dev_ws/install/sbus_demo/share/sbus_demo/environment/path.dsv
[4.069s] -- Up-to-date: /home/omer/Desktop/dev_ws/install/sbus_demo/share/sbus_demo/local_setup.bash
[4.069s] -- Up-to-date: /home/omer/Desktop/dev_ws/install/sbus_demo/share/sbus_demo/local_setup.sh
[4.069s] -- Up-to-date: /home/omer/Desktop/dev_ws/install/sbus_demo/share/sbus_demo/local_setup.zsh
[4.069s] -- Up-to-date: /home/omer/Desktop/dev_ws/install/sbus_demo/share/sbus_demo/local_setup.dsv
[4.069s] -- Installing: /home/omer/Desktop/dev_ws/install/sbus_demo/share/sbus_demo/package.dsv
[4.069s] -- Up-to-date: /home/omer/Desktop/dev_ws/install/sbus_demo/share/ament_index/resource_index/packages/sbus_demo
[4.070s] -- Up-to-date: /home/omer/Desktop/dev_ws/install/sbus_demo/share/sbus_demo/cmake/sbus_demoConfig.cmake
[4.070s] -- Up-to-date: /home/omer/Desktop/dev_ws/install/sbus_demo/share/sbus_demo/cmake/sbus_demoConfig-version.cmake
[4.070s] -- Up-to-date: /home/omer/Desktop/dev_ws/install/sbus_demo/share/sbus_demo/package.xml
[4.071s] Invoked command in '/home/omer/Desktop/dev_ws/build/sbus_demo' returned '0': CMAKE_PREFIX_PATH=${CMAKE_PREFIX_PATH}:/opt/ros/humble /usr/bin/cmake --install /home/omer/Desktop/dev_ws/build/sbus_demo
