[0.241s] DEBUG:colcon:Command line arguments: ['/usr/bin/colcon', 'build', '--packages-select', 'my_turtlesim']
[0.241s] DEBUG:colcon:Parsed command line arguments: Namespace(log_base=None, log_level=None, verb_name='build', build_base='build', install_base='install', merge_install=False, symlink_install=False, test_result_base=None, continue_on_error=False, executor='parallel', parallel_workers=8, event_handlers=None, ignore_user_meta=False, metas=['./colcon.meta'], base_paths=['.'], packages_ignore=None, packages_ignore_regex=None, paths=None, packages_up_to=None, packages_up_to_regex=None, packages_above=None, packages_above_and_dependencies=None, packages_above_depth=None, packages_select_by_dep=None, packages_skip_by_dep=None, packages_skip_up_to=None, packages_select_build_failed=False, packages_skip_build_finished=False, packages_select_test_failures=False, packages_skip_test_passed=False, packages_select=['my_turtlesim'], packages_skip=None, packages_select_regex=None, packages_skip_regex=None, packages_start=None, packages_end=None, allow_overriding=[], cmake_args=None, cmake_target=None, cmake_target_skip_unavailable=False, cmake_clean_cache=False, cmake_clean_first=False, cmake_force_configure=False, ament_cmake_args=None, catkin_cmake_args=None, catkin_skip_building_tests=False, verb_parser=<colcon_defaults.argument_parser.defaults.DefaultArgumentsDecorator object at 0x7f9211428ca0>, verb_extension=<colcon_core.verb.build.BuildVerb object at 0x7f9211d7a2c0>, main=<bound method BuildVerb.main of <colcon_core.verb.build.BuildVerb object at 0x7f9211d7a2c0>>)
[0.262s] Level 1:colcon.colcon_core.package_discovery:discover_packages(colcon_meta) check parameters
[0.263s] Level 1:colcon.colcon_core.package_discovery:discover_packages(recursive) check parameters
[0.263s] Level 1:colcon.colcon_core.package_discovery:discover_packages(ignore) check parameters
[0.263s] Level 1:colcon.colcon_core.package_discovery:discover_packages(path) check parameters
[0.263s] Level 1:colcon.colcon_core.package_discovery:discover_packages(colcon_meta) discover
[0.263s] Level 1:colcon.colcon_core.package_discovery:discover_packages(recursive) discover
[0.263s] INFO:colcon.colcon_core.package_discovery:Crawling recursively for packages in '/home/omer/Desktop/dev_ws'
[0.263s] Level 1:colcon.colcon_core.package_identification:_identify(.) by extensions ['ignore', 'ignore_ament_install']
[0.263s] Level 1:colcon.colcon_core.package_identification:_identify(.) by extension 'ignore'
[0.263s] Level 1:colcon.colcon_core.package_identification:_identify(.) by extension 'ignore_ament_install'
[0.263s] Level 1:colcon.colcon_core.package_identification:_identify(.) by extensions ['colcon_pkg']
[0.263s] Level 1:colcon.colcon_core.package_identification:_identify(.) by extension 'colcon_pkg'
[0.263s] Level 1:colcon.colcon_core.package_identification:_identify(.) by extensions ['colcon_meta']
[0.263s] Level 1:colcon.colcon_core.package_identification:_identify(.) by extension 'colcon_meta'
[0.263s] Level 1:colcon.colcon_core.package_identification:_identify(.) by extensions ['ros']
[0.263s] Level 1:colcon.colcon_core.package_identification:_identify(.) by extension 'ros'
[0.281s] Level 1:colcon.colcon_core.package_identification:_identify(.) by extensions ['cmake', 'python']
[0.281s] Level 1:colcon.colcon_core.package_identification:_identify(.) by extension 'cmake'
[0.281s] Level 1:colcon.colcon_core.package_identification:_identify(.) by extension 'python'
[0.281s] Level 1:colcon.colcon_core.package_identification:_identify(.) by extensions ['python_setup_py']
[0.281s] Level 1:colcon.colcon_core.package_identification:_identify(.) by extension 'python_setup_py'
[0.281s] Level 1:colcon.colcon_core.package_identification:_identify(build) by extensions ['ignore', 'ignore_ament_install']
[0.281s] Level 1:colcon.colcon_core.package_identification:_identify(build) by extension 'ignore'
[0.281s] Level 1:colcon.colcon_core.package_identification:_identify(build) ignored
[0.281s] Level 1:colcon.colcon_core.package_identification:_identify(install) by extensions ['ignore', 'ignore_ament_install']
[0.281s] Level 1:colcon.colcon_core.package_identification:_identify(install) by extension 'ignore'
[0.281s] Level 1:colcon.colcon_core.package_identification:_identify(install) ignored
[0.281s] Level 1:colcon.colcon_core.package_identification:_identify(log) by extensions ['ignore', 'ignore_ament_install']
[0.281s] Level 1:colcon.colcon_core.package_identification:_identify(log) by extension 'ignore'
[0.281s] Level 1:colcon.colcon_core.package_identification:_identify(log) ignored
[0.282s] Level 1:colcon.colcon_core.package_identification:_identify(src) by extensions ['ignore', 'ignore_ament_install']
[0.282s] Level 1:colcon.colcon_core.package_identification:_identify(src) by extension 'ignore'
[0.282s] Level 1:colcon.colcon_core.package_identification:_identify(src) by extension 'ignore_ament_install'
[0.282s] Level 1:colcon.colcon_core.package_identification:_identify(src) by extensions ['colcon_pkg']
[0.282s] Level 1:colcon.colcon_core.package_identification:_identify(src) by extension 'colcon_pkg'
[0.282s] Level 1:colcon.colcon_core.package_identification:_identify(src) by extensions ['colcon_meta']
[0.282s] Level 1:colcon.colcon_core.package_identification:_identify(src) by extension 'colcon_meta'
[0.282s] Level 1:colcon.colcon_core.package_identification:_identify(src) by extensions ['ros']
[0.282s] Level 1:colcon.colcon_core.package_identification:_identify(src) by extension 'ros'
[0.282s] Level 1:colcon.colcon_core.package_identification:_identify(src) by extensions ['cmake', 'python']
[0.282s] Level 1:colcon.colcon_core.package_identification:_identify(src) by extension 'cmake'
[0.282s] Level 1:colcon.colcon_core.package_identification:_identify(src) by extension 'python'
[0.282s] Level 1:colcon.colcon_core.package_identification:_identify(src) by extensions ['python_setup_py']
[0.282s] Level 1:colcon.colcon_core.package_identification:_identify(src) by extension 'python_setup_py'
[0.282s] Level 1:colcon.colcon_core.package_identification:_identify(src/build) by extensions ['ignore', 'ignore_ament_install']
[0.282s] Level 1:colcon.colcon_core.package_identification:_identify(src/build) by extension 'ignore'
[0.282s] Level 1:colcon.colcon_core.package_identification:_identify(src/build) ignored
[0.282s] Level 1:colcon.colcon_core.package_identification:_identify(src/install) by extensions ['ignore', 'ignore_ament_install']
[0.282s] Level 1:colcon.colcon_core.package_identification:_identify(src/install) by extension 'ignore'
[0.283s] Level 1:colcon.colcon_core.package_identification:_identify(src/install) ignored
[0.283s] Level 1:colcon.colcon_core.package_identification:_identify(src/log) by extensions ['ignore', 'ignore_ament_install']
[0.283s] Level 1:colcon.colcon_core.package_identification:_identify(src/log) by extension 'ignore'
[0.283s] Level 1:colcon.colcon_core.package_identification:_identify(src/log) ignored
[0.283s] Level 1:colcon.colcon_core.package_identification:_identify(src/my_package) by extensions ['ignore', 'ignore_ament_install']
[0.283s] Level 1:colcon.colcon_core.package_identification:_identify(src/my_package) by extension 'ignore'
[0.283s] Level 1:colcon.colcon_core.package_identification:_identify(src/my_package) by extension 'ignore_ament_install'
[0.283s] Level 1:colcon.colcon_core.package_identification:_identify(src/my_package) by extensions ['colcon_pkg']
[0.283s] Level 1:colcon.colcon_core.package_identification:_identify(src/my_package) by extension 'colcon_pkg'
[0.283s] Level 1:colcon.colcon_core.package_identification:_identify(src/my_package) by extensions ['colcon_meta']
[0.283s] Level 1:colcon.colcon_core.package_identification:_identify(src/my_package) by extension 'colcon_meta'
[0.283s] Level 1:colcon.colcon_core.package_identification:_identify(src/my_package) by extensions ['ros']
[0.283s] Level 1:colcon.colcon_core.package_identification:_identify(src/my_package) by extension 'ros'
[0.285s] DEBUG:colcon.colcon_core.package_identification:Package 'src/my_package' with type 'ros.ament_cmake' and name 'my_package'
[0.285s] Level 1:colcon.colcon_core.package_identification:_identify(src/my_turtlesim) by extensions ['ignore', 'ignore_ament_install']
[0.285s] Level 1:colcon.colcon_core.package_identification:_identify(src/my_turtlesim) by extension 'ignore'
[0.285s] Level 1:colcon.colcon_core.package_identification:_identify(src/my_turtlesim) by extension 'ignore_ament_install'
[0.285s] Level 1:colcon.colcon_core.package_identification:_identify(src/my_turtlesim) by extensions ['colcon_pkg']
[0.286s] Level 1:colcon.colcon_core.package_identification:_identify(src/my_turtlesim) by extension 'colcon_pkg'
[0.286s] Level 1:colcon.colcon_core.package_identification:_identify(src/my_turtlesim) by extensions ['colcon_meta']
[0.286s] Level 1:colcon.colcon_core.package_identification:_identify(src/my_turtlesim) by extension 'colcon_meta'
[0.286s] Level 1:colcon.colcon_core.package_identification:_identify(src/my_turtlesim) by extensions ['ros']
[0.286s] Level 1:colcon.colcon_core.package_identification:_identify(src/my_turtlesim) by extension 'ros'
[0.286s] DEBUG:colcon.colcon_core.package_identification:Package 'src/my_turtlesim' with type 'ros.ament_cmake' and name 'my_turtlesim'
[0.286s] Level 1:colcon.colcon_core.package_identification:_identify(src/publisher_package) by extensions ['ignore', 'ignore_ament_install']
[0.286s] Level 1:colcon.colcon_core.package_identification:_identify(src/publisher_package) by extension 'ignore'
[0.286s] Level 1:colcon.colcon_core.package_identification:_identify(src/publisher_package) by extension 'ignore_ament_install'
[0.286s] Level 1:colcon.colcon_core.package_identification:_identify(src/publisher_package) by extensions ['colcon_pkg']
[0.287s] Level 1:colcon.colcon_core.package_identification:_identify(src/publisher_package) by extension 'colcon_pkg'
[0.287s] Level 1:colcon.colcon_core.package_identification:_identify(src/publisher_package) by extensions ['colcon_meta']
[0.287s] Level 1:colcon.colcon_core.package_identification:_identify(src/publisher_package) by extension 'colcon_meta'
[0.287s] Level 1:colcon.colcon_core.package_identification:_identify(src/publisher_package) by extensions ['ros']
[0.287s] Level 1:colcon.colcon_core.package_identification:_identify(src/publisher_package) by extension 'ros'
[0.287s] DEBUG:colcon.colcon_core.package_identification:Package 'src/publisher_package' with type 'ros.ament_cmake' and name 'publisher_package'
[0.287s] Level 1:colcon.colcon_core.package_discovery:discover_packages(recursive) using defaults
[0.287s] Level 1:colcon.colcon_core.package_discovery:discover_packages(ignore) discover
[0.287s] Level 1:colcon.colcon_core.package_discovery:discover_packages(ignore) using defaults
[0.287s] Level 1:colcon.colcon_core.package_discovery:discover_packages(path) discover
[0.287s] Level 1:colcon.colcon_core.package_discovery:discover_packages(path) using defaults
[0.307s] INFO:colcon.colcon_core.package_selection:Skipping not selected package 'my_package' in 'src/my_package'
[0.307s] INFO:colcon.colcon_core.package_selection:Skipping not selected package 'publisher_package' in 'src/publisher_package'
[0.307s] Level 1:colcon.colcon_core.package_discovery:discover_packages(prefix_path) check parameters
[0.307s] Level 1:colcon.colcon_core.package_discovery:discover_packages(prefix_path) discover
[0.310s] DEBUG:colcon.colcon_installed_package_information.package_discovery:Found 270 installed packages in /opt/ros/humble
[0.312s] Level 1:colcon.colcon_core.package_discovery:discover_packages(prefix_path) using defaults
[0.362s] Level 5:colcon.colcon_core.verb:set package 'my_turtlesim' build argument 'cmake_args' from command line to 'None'
[0.362s] Level 5:colcon.colcon_core.verb:set package 'my_turtlesim' build argument 'cmake_target' from command line to 'None'
[0.362s] Level 5:colcon.colcon_core.verb:set package 'my_turtlesim' build argument 'cmake_target_skip_unavailable' from command line to 'False'
[0.362s] Level 5:colcon.colcon_core.verb:set package 'my_turtlesim' build argument 'cmake_clean_cache' from command line to 'False'
[0.362s] Level 5:colcon.colcon_core.verb:set package 'my_turtlesim' build argument 'cmake_clean_first' from command line to 'False'
[0.362s] Level 5:colcon.colcon_core.verb:set package 'my_turtlesim' build argument 'cmake_force_configure' from command line to 'False'
[0.362s] Level 5:colcon.colcon_core.verb:set package 'my_turtlesim' build argument 'ament_cmake_args' from command line to 'None'
[0.362s] Level 5:colcon.colcon_core.verb:set package 'my_turtlesim' build argument 'catkin_cmake_args' from command line to 'None'
[0.362s] Level 5:colcon.colcon_core.verb:set package 'my_turtlesim' build argument 'catkin_skip_building_tests' from command line to 'False'
[0.362s] DEBUG:colcon.colcon_core.verb:Building package 'my_turtlesim' with the following arguments: {'ament_cmake_args': None, 'build_base': '/home/omer/Desktop/dev_ws/build/my_turtlesim', 'catkin_cmake_args': None, 'catkin_skip_building_tests': False, 'cmake_args': None, 'cmake_clean_cache': False, 'cmake_clean_first': False, 'cmake_force_configure': False, 'cmake_target': None, 'cmake_target_skip_unavailable': False, 'install_base': '/home/omer/Desktop/dev_ws/install/my_turtlesim', 'merge_install': False, 'path': '/home/omer/Desktop/dev_ws/src/my_turtlesim', 'symlink_install': False, 'test_result_base': None}
[0.363s] INFO:colcon.colcon_core.executor:Executing jobs using 'parallel' executor
[0.366s] DEBUG:colcon.colcon_parallel_executor.executor.parallel:run_until_complete
[0.366s] INFO:colcon.colcon_ros.task.ament_cmake.build:Building ROS package in '/home/omer/Desktop/dev_ws/src/my_turtlesim' with build type 'ament_cmake'
[0.366s] INFO:colcon.colcon_cmake.task.cmake.build:Building CMake package in '/home/omer/Desktop/dev_ws/src/my_turtlesim'
[0.370s] INFO:colcon.colcon_core.plugin_system:Skipping extension 'colcon_core.shell.bat': Not used on non-Windows systems
[0.371s] INFO:colcon.colcon_core.shell:Skip shell extension 'powershell' for command environment: Not usable outside of PowerShell
[0.371s] DEBUG:colcon.colcon_core.shell:Skip shell extension 'dsv' for command environment
[0.378s] DEBUG:colcon.colcon_core.event_handler.log_command:Invoking command in '/home/omer/Desktop/dev_ws/build/my_turtlesim': CMAKE_PREFIX_PATH=/opt/ros/humble /usr/bin/cmake /home/omer/Desktop/dev_ws/src/my_turtlesim -DCMAKE_INSTALL_PREFIX=/home/omer/Desktop/dev_ws/install/my_turtlesim
[1.792s] DEBUG:colcon.colcon_core.event_handler.log_command:Invoked command in '/home/omer/Desktop/dev_ws/build/my_turtlesim' returned '0': CMAKE_PREFIX_PATH=/opt/ros/humble /usr/bin/cmake /home/omer/Desktop/dev_ws/src/my_turtlesim -DCMAKE_INSTALL_PREFIX=/home/omer/Desktop/dev_ws/install/my_turtlesim
[1.794s] DEBUG:colcon.colcon_core.event_handler.log_command:Invoking command in '/home/omer/Desktop/dev_ws/build/my_turtlesim': CMAKE_PREFIX_PATH=/opt/ros/humble /usr/bin/cmake --build /home/omer/Desktop/dev_ws/build/my_turtlesim -- -j8 -l8
[11.152s] DEBUG:colcon.colcon_core.event_handler.log_command:Invoked command in '/home/omer/Desktop/dev_ws/build/my_turtlesim' returned '0': CMAKE_PREFIX_PATH=/opt/ros/humble /usr/bin/cmake --build /home/omer/Desktop/dev_ws/build/my_turtlesim -- -j8 -l8
[11.175s] DEBUG:colcon.colcon_core.event_handler.log_command:Invoking command in '/home/omer/Desktop/dev_ws/build/my_turtlesim': CMAKE_PREFIX_PATH=/opt/ros/humble /usr/bin/cmake --install /home/omer/Desktop/dev_ws/build/my_turtlesim
[11.185s] Level 1:colcon.colcon_core.environment:create_environment_scripts_only(my_turtlesim)
[11.186s] DEBUG:colcon.colcon_core.event_handler.log_command:Invoked command in '/home/omer/Desktop/dev_ws/build/my_turtlesim' returned '0': CMAKE_PREFIX_PATH=/opt/ros/humble /usr/bin/cmake --install /home/omer/Desktop/dev_ws/build/my_turtlesim
[11.189s] Level 1:colcon.colcon_core.environment:checking '/home/omer/Desktop/dev_ws/install/my_turtlesim' for CMake module files
[11.190s] Level 1:colcon.colcon_core.environment:checking '/home/omer/Desktop/dev_ws/install/my_turtlesim' for CMake config files
[11.190s] Level 1:colcon.colcon_core.shell:create_environment_hook('my_turtlesim', 'cmake_prefix_path')
[11.191s] INFO:colcon.colcon_core.shell:Creating environment hook '/home/omer/Desktop/dev_ws/install/my_turtlesim/share/my_turtlesim/hook/cmake_prefix_path.ps1'
[11.191s] INFO:colcon.colcon_core.shell:Creating environment descriptor '/home/omer/Desktop/dev_ws/install/my_turtlesim/share/my_turtlesim/hook/cmake_prefix_path.dsv'
[11.192s] INFO:colcon.colcon_core.shell:Creating environment hook '/home/omer/Desktop/dev_ws/install/my_turtlesim/share/my_turtlesim/hook/cmake_prefix_path.sh'
[11.192s] Level 1:colcon.colcon_core.environment:checking '/home/omer/Desktop/dev_ws/install/my_turtlesim/lib'
[11.193s] Level 1:colcon.colcon_core.environment:checking '/home/omer/Desktop/dev_ws/install/my_turtlesim/bin'
[11.193s] Level 1:colcon.colcon_core.environment:checking '/home/omer/Desktop/dev_ws/install/my_turtlesim/lib/pkgconfig/my_turtlesim.pc'
[11.193s] Level 1:colcon.colcon_core.environment:checking '/home/omer/Desktop/dev_ws/install/my_turtlesim/lib/python3.10/site-packages'
[11.193s] Level 1:colcon.colcon_core.environment:checking '/home/omer/Desktop/dev_ws/install/my_turtlesim/bin'
[11.194s] INFO:colcon.colcon_core.shell:Creating package script '/home/omer/Desktop/dev_ws/install/my_turtlesim/share/my_turtlesim/package.ps1'
[11.195s] INFO:colcon.colcon_core.shell:Creating package descriptor '/home/omer/Desktop/dev_ws/install/my_turtlesim/share/my_turtlesim/package.dsv'
[11.195s] INFO:colcon.colcon_core.shell:Creating package script '/home/omer/Desktop/dev_ws/install/my_turtlesim/share/my_turtlesim/package.sh'
[11.196s] INFO:colcon.colcon_core.shell:Creating package script '/home/omer/Desktop/dev_ws/install/my_turtlesim/share/my_turtlesim/package.bash'
[11.196s] INFO:colcon.colcon_core.shell:Creating package script '/home/omer/Desktop/dev_ws/install/my_turtlesim/share/my_turtlesim/package.zsh'
[11.197s] Level 1:colcon.colcon_core.environment:create_file_with_runtime_dependencies(/home/omer/Desktop/dev_ws/install/my_turtlesim/share/colcon-core/packages/my_turtlesim)
[11.214s] Level 1:colcon.colcon_core.environment:create_environment_scripts_only(my_turtlesim)
[11.216s] Level 1:colcon.colcon_core.environment:checking '/home/omer/Desktop/dev_ws/install/my_turtlesim' for CMake module files
[11.216s] Level 1:colcon.colcon_core.environment:checking '/home/omer/Desktop/dev_ws/install/my_turtlesim' for CMake config files
[11.216s] Level 1:colcon.colcon_core.shell:create_environment_hook('my_turtlesim', 'cmake_prefix_path')
[11.217s] INFO:colcon.colcon_core.shell:Creating environment hook '/home/omer/Desktop/dev_ws/install/my_turtlesim/share/my_turtlesim/hook/cmake_prefix_path.ps1'
[11.217s] INFO:colcon.colcon_core.shell:Creating environment descriptor '/home/omer/Desktop/dev_ws/install/my_turtlesim/share/my_turtlesim/hook/cmake_prefix_path.dsv'
[11.218s] INFO:colcon.colcon_core.shell:Creating environment hook '/home/omer/Desktop/dev_ws/install/my_turtlesim/share/my_turtlesim/hook/cmake_prefix_path.sh'
[11.218s] Level 1:colcon.colcon_core.environment:checking '/home/omer/Desktop/dev_ws/install/my_turtlesim/lib'
[11.218s] Level 1:colcon.colcon_core.environment:checking '/home/omer/Desktop/dev_ws/install/my_turtlesim/bin'
[11.218s] Level 1:colcon.colcon_core.environment:checking '/home/omer/Desktop/dev_ws/install/my_turtlesim/lib/pkgconfig/my_turtlesim.pc'
[11.218s] Level 1:colcon.colcon_core.environment:checking '/home/omer/Desktop/dev_ws/install/my_turtlesim/lib/python3.10/site-packages'
[11.219s] Level 1:colcon.colcon_core.environment:checking '/home/omer/Desktop/dev_ws/install/my_turtlesim/bin'
[11.220s] INFO:colcon.colcon_core.shell:Creating package script '/home/omer/Desktop/dev_ws/install/my_turtlesim/share/my_turtlesim/package.ps1'
[11.220s] INFO:colcon.colcon_core.shell:Creating package descriptor '/home/omer/Desktop/dev_ws/install/my_turtlesim/share/my_turtlesim/package.dsv'
[11.221s] INFO:colcon.colcon_core.shell:Creating package script '/home/omer/Desktop/dev_ws/install/my_turtlesim/share/my_turtlesim/package.sh'
[11.221s] INFO:colcon.colcon_core.shell:Creating package script '/home/omer/Desktop/dev_ws/install/my_turtlesim/share/my_turtlesim/package.bash'
[11.221s] INFO:colcon.colcon_core.shell:Creating package script '/home/omer/Desktop/dev_ws/install/my_turtlesim/share/my_turtlesim/package.zsh'
[11.222s] Level 1:colcon.colcon_core.environment:create_file_with_runtime_dependencies(/home/omer/Desktop/dev_ws/install/my_turtlesim/share/colcon-core/packages/my_turtlesim)
[11.222s] DEBUG:colcon.colcon_parallel_executor.executor.parallel:closing loop
[11.222s] DEBUG:colcon.colcon_parallel_executor.executor.parallel:loop closed
[11.222s] DEBUG:colcon.colcon_parallel_executor.executor.parallel:run_until_complete finished with '0'
[11.222s] DEBUG:colcon.colcon_core.event_reactor:joining thread
[11.228s] INFO:colcon.colcon_core.plugin_system:Skipping extension 'colcon_notification.desktop_notification.terminal_notifier': Not used on non-Darwin systems
[11.228s] INFO:colcon.colcon_core.plugin_system:Skipping extension 'colcon_notification.desktop_notification.win32': Not used on non-Windows systems
[11.228s] INFO:colcon.colcon_notification.desktop_notification:Sending desktop notification using 'notify2'
[11.239s] DEBUG:colcon.colcon_core.event_reactor:joined thread
[11.240s] INFO:colcon.colcon_core.shell:Creating prefix script '/home/omer/Desktop/dev_ws/install/local_setup.ps1'
[11.241s] INFO:colcon.colcon_core.shell:Creating prefix util module '/home/omer/Desktop/dev_ws/install/_local_setup_util_ps1.py'
[11.242s] INFO:colcon.colcon_core.shell:Creating prefix chain script '/home/omer/Desktop/dev_ws/install/setup.ps1'
[11.243s] INFO:colcon.colcon_core.shell:Creating prefix script '/home/omer/Desktop/dev_ws/install/local_setup.sh'
[11.244s] INFO:colcon.colcon_core.shell:Creating prefix util module '/home/omer/Desktop/dev_ws/install/_local_setup_util_sh.py'
[11.244s] INFO:colcon.colcon_core.shell:Creating prefix chain script '/home/omer/Desktop/dev_ws/install/setup.sh'
[11.245s] INFO:colcon.colcon_core.shell:Creating prefix script '/home/omer/Desktop/dev_ws/install/local_setup.bash'
[11.246s] INFO:colcon.colcon_core.shell:Creating prefix chain script '/home/omer/Desktop/dev_ws/install/setup.bash'
[11.247s] INFO:colcon.colcon_core.shell:Creating prefix script '/home/omer/Desktop/dev_ws/install/local_setup.zsh'
[11.247s] INFO:colcon.colcon_core.shell:Creating prefix chain script '/home/omer/Desktop/dev_ws/install/setup.zsh'
