[0.245s] DEBUG:colcon:Command line arguments: ['/usr/bin/colcon', 'build', '--packages-select', 'sbus_demo']
[0.245s] DEBUG:colcon:Parsed command line arguments: Namespace(log_base=None, log_level=None, verb_name='build', build_base='build', install_base='install', merge_install=False, symlink_install=False, test_result_base=None, continue_on_error=False, executor='parallel', parallel_workers=8, event_handlers=None, ignore_user_meta=False, metas=['./colcon.meta'], base_paths=['.'], packages_ignore=None, packages_ignore_regex=None, paths=None, packages_up_to=None, packages_up_to_regex=None, packages_above=None, packages_above_and_dependencies=None, packages_above_depth=None, packages_select_by_dep=None, packages_skip_by_dep=None, packages_skip_up_to=None, packages_select_build_failed=False, packages_skip_build_finished=False, packages_select_test_failures=False, packages_skip_test_passed=False, packages_select=['sbus_demo'], packages_skip=None, packages_select_regex=None, packages_skip_regex=None, packages_start=None, packages_end=None, allow_overriding=[], cmake_args=None, cmake_target=None, cmake_target_skip_unavailable=False, cmake_clean_cache=False, cmake_clean_first=False, cmake_force_configure=False, ament_cmake_args=None, catkin_cmake_args=None, catkin_skip_building_tests=False, verb_parser=<colcon_defaults.argument_parser.defaults.DefaultArgumentsDecorator object at 0x7f42d2888be0>, verb_extension=<colcon_core.verb.build.BuildVerb object at 0x7f42d31e6fe0>, main=<bound method BuildVerb.main of <colcon_core.verb.build.BuildVerb object at 0x7f42d31e6fe0>>)
[0.267s] Level 1:colcon.colcon_core.package_discovery:discover_packages(colcon_meta) check parameters
[0.267s] Level 1:colcon.colcon_core.package_discovery:discover_packages(recursive) check parameters
[0.267s] Level 1:colcon.colcon_core.package_discovery:discover_packages(ignore) check parameters
[0.267s] Level 1:colcon.colcon_core.package_discovery:discover_packages(path) check parameters
[0.267s] Level 1:colcon.colcon_core.package_discovery:discover_packages(colcon_meta) discover
[0.267s] Level 1:colcon.colcon_core.package_discovery:discover_packages(recursive) discover
[0.267s] INFO:colcon.colcon_core.package_discovery:Crawling recursively for packages in '/home/omer/Desktop/dev_ws'
[0.268s] Level 1:colcon.colcon_core.package_identification:_identify(.) by extensions ['ignore', 'ignore_ament_install']
[0.268s] Level 1:colcon.colcon_core.package_identification:_identify(.) by extension 'ignore'
[0.268s] Level 1:colcon.colcon_core.package_identification:_identify(.) by extension 'ignore_ament_install'
[0.268s] Level 1:colcon.colcon_core.package_identification:_identify(.) by extensions ['colcon_pkg']
[0.268s] Level 1:colcon.colcon_core.package_identification:_identify(.) by extension 'colcon_pkg'
[0.268s] Level 1:colcon.colcon_core.package_identification:_identify(.) by extensions ['colcon_meta']
[0.268s] Level 1:colcon.colcon_core.package_identification:_identify(.) by extension 'colcon_meta'
[0.268s] Level 1:colcon.colcon_core.package_identification:_identify(.) by extensions ['ros']
[0.268s] Level 1:colcon.colcon_core.package_identification:_identify(.) by extension 'ros'
[0.286s] Level 1:colcon.colcon_core.package_identification:_identify(.) by extensions ['cmake', 'python']
[0.286s] Level 1:colcon.colcon_core.package_identification:_identify(.) by extension 'cmake'
[0.286s] Level 1:colcon.colcon_core.package_identification:_identify(.) by extension 'python'
[0.286s] Level 1:colcon.colcon_core.package_identification:_identify(.) by extensions ['python_setup_py']
[0.286s] Level 1:colcon.colcon_core.package_identification:_identify(.) by extension 'python_setup_py'
[0.286s] Level 1:colcon.colcon_core.package_identification:_identify(build) by extensions ['ignore', 'ignore_ament_install']
[0.286s] Level 1:colcon.colcon_core.package_identification:_identify(build) by extension 'ignore'
[0.286s] Level 1:colcon.colcon_core.package_identification:_identify(build) ignored
[0.287s] Level 1:colcon.colcon_core.package_identification:_identify(install) by extensions ['ignore', 'ignore_ament_install']
[0.287s] Level 1:colcon.colcon_core.package_identification:_identify(install) by extension 'ignore'
[0.287s] Level 1:colcon.colcon_core.package_identification:_identify(install) ignored
[0.287s] Level 1:colcon.colcon_core.package_identification:_identify(log) by extensions ['ignore', 'ignore_ament_install']
[0.287s] Level 1:colcon.colcon_core.package_identification:_identify(log) by extension 'ignore'
[0.287s] Level 1:colcon.colcon_core.package_identification:_identify(log) ignored
[0.287s] Level 1:colcon.colcon_core.package_identification:_identify(src) by extensions ['ignore', 'ignore_ament_install']
[0.287s] Level 1:colcon.colcon_core.package_identification:_identify(src) by extension 'ignore'
[0.287s] Level 1:colcon.colcon_core.package_identification:_identify(src) by extension 'ignore_ament_install'
[0.287s] Level 1:colcon.colcon_core.package_identification:_identify(src) by extensions ['colcon_pkg']
[0.287s] Level 1:colcon.colcon_core.package_identification:_identify(src) by extension 'colcon_pkg'
[0.287s] Level 1:colcon.colcon_core.package_identification:_identify(src) by extensions ['colcon_meta']
[0.287s] Level 1:colcon.colcon_core.package_identification:_identify(src) by extension 'colcon_meta'
[0.287s] Level 1:colcon.colcon_core.package_identification:_identify(src) by extensions ['ros']
[0.287s] Level 1:colcon.colcon_core.package_identification:_identify(src) by extension 'ros'
[0.287s] Level 1:colcon.colcon_core.package_identification:_identify(src) by extensions ['cmake', 'python']
[0.287s] Level 1:colcon.colcon_core.package_identification:_identify(src) by extension 'cmake'
[0.288s] Level 1:colcon.colcon_core.package_identification:_identify(src) by extension 'python'
[0.288s] Level 1:colcon.colcon_core.package_identification:_identify(src) by extensions ['python_setup_py']
[0.288s] Level 1:colcon.colcon_core.package_identification:_identify(src) by extension 'python_setup_py'
[0.288s] Level 1:colcon.colcon_core.package_identification:_identify(src/build) by extensions ['ignore', 'ignore_ament_install']
[0.288s] Level 1:colcon.colcon_core.package_identification:_identify(src/build) by extension 'ignore'
[0.288s] Level 1:colcon.colcon_core.package_identification:_identify(src/build) ignored
[0.288s] Level 1:colcon.colcon_core.package_identification:_identify(src/install) by extensions ['ignore', 'ignore_ament_install']
[0.288s] Level 1:colcon.colcon_core.package_identification:_identify(src/install) by extension 'ignore'
[0.288s] Level 1:colcon.colcon_core.package_identification:_identify(src/install) ignored
[0.288s] Level 1:colcon.colcon_core.package_identification:_identify(src/log) by extensions ['ignore', 'ignore_ament_install']
[0.288s] Level 1:colcon.colcon_core.package_identification:_identify(src/log) by extension 'ignore'
[0.288s] Level 1:colcon.colcon_core.package_identification:_identify(src/log) ignored
[0.288s] Level 1:colcon.colcon_core.package_identification:_identify(src/my_package) by extensions ['ignore', 'ignore_ament_install']
[0.288s] Level 1:colcon.colcon_core.package_identification:_identify(src/my_package) by extension 'ignore'
[0.288s] Level 1:colcon.colcon_core.package_identification:_identify(src/my_package) by extension 'ignore_ament_install'
[0.288s] Level 1:colcon.colcon_core.package_identification:_identify(src/my_package) by extensions ['colcon_pkg']
[0.289s] Level 1:colcon.colcon_core.package_identification:_identify(src/my_package) by extension 'colcon_pkg'
[0.289s] Level 1:colcon.colcon_core.package_identification:_identify(src/my_package) by extensions ['colcon_meta']
[0.289s] Level 1:colcon.colcon_core.package_identification:_identify(src/my_package) by extension 'colcon_meta'
[0.289s] Level 1:colcon.colcon_core.package_identification:_identify(src/my_package) by extensions ['ros']
[0.289s] Level 1:colcon.colcon_core.package_identification:_identify(src/my_package) by extension 'ros'
[0.291s] DEBUG:colcon.colcon_core.package_identification:Package 'src/my_package' with type 'ros.ament_cmake' and name 'my_package'
[0.291s] Level 1:colcon.colcon_core.package_identification:_identify(src/my_turtlesim) by extensions ['ignore', 'ignore_ament_install']
[0.291s] Level 1:colcon.colcon_core.package_identification:_identify(src/my_turtlesim) by extension 'ignore'
[0.291s] Level 1:colcon.colcon_core.package_identification:_identify(src/my_turtlesim) by extension 'ignore_ament_install'
[0.291s] Level 1:colcon.colcon_core.package_identification:_identify(src/my_turtlesim) by extensions ['colcon_pkg']
[0.291s] Level 1:colcon.colcon_core.package_identification:_identify(src/my_turtlesim) by extension 'colcon_pkg'
[0.291s] Level 1:colcon.colcon_core.package_identification:_identify(src/my_turtlesim) by extensions ['colcon_meta']
[0.291s] Level 1:colcon.colcon_core.package_identification:_identify(src/my_turtlesim) by extension 'colcon_meta'
[0.291s] Level 1:colcon.colcon_core.package_identification:_identify(src/my_turtlesim) by extensions ['ros']
[0.291s] Level 1:colcon.colcon_core.package_identification:_identify(src/my_turtlesim) by extension 'ros'
[0.292s] DEBUG:colcon.colcon_core.package_identification:Package 'src/my_turtlesim' with type 'ros.ament_cmake' and name 'my_turtlesim'
[0.292s] Level 1:colcon.colcon_core.package_identification:_identify(src/publisher_subscriber) by extensions ['ignore', 'ignore_ament_install']
[0.292s] Level 1:colcon.colcon_core.package_identification:_identify(src/publisher_subscriber) by extension 'ignore'
[0.292s] Level 1:colcon.colcon_core.package_identification:_identify(src/publisher_subscriber) by extension 'ignore_ament_install'
[0.292s] Level 1:colcon.colcon_core.package_identification:_identify(src/publisher_subscriber) by extensions ['colcon_pkg']
[0.292s] Level 1:colcon.colcon_core.package_identification:_identify(src/publisher_subscriber) by extension 'colcon_pkg'
[0.292s] Level 1:colcon.colcon_core.package_identification:_identify(src/publisher_subscriber) by extensions ['colcon_meta']
[0.293s] Level 1:colcon.colcon_core.package_identification:_identify(src/publisher_subscriber) by extension 'colcon_meta'
[0.293s] Level 1:colcon.colcon_core.package_identification:_identify(src/publisher_subscriber) by extensions ['ros']
[0.293s] Level 1:colcon.colcon_core.package_identification:_identify(src/publisher_subscriber) by extension 'ros'
[0.293s] DEBUG:colcon.colcon_core.package_identification:Package 'src/publisher_subscriber' with type 'ros.ament_cmake' and name 'publisher_package'
[0.293s] Level 1:colcon.colcon_core.package_identification:_identify(src/sbus_demo) by extensions ['ignore', 'ignore_ament_install']
[0.293s] Level 1:colcon.colcon_core.package_identification:_identify(src/sbus_demo) by extension 'ignore'
[0.293s] Level 1:colcon.colcon_core.package_identification:_identify(src/sbus_demo) by extension 'ignore_ament_install'
[0.294s] Level 1:colcon.colcon_core.package_identification:_identify(src/sbus_demo) by extensions ['colcon_pkg']
[0.294s] Level 1:colcon.colcon_core.package_identification:_identify(src/sbus_demo) by extension 'colcon_pkg'
[0.294s] Level 1:colcon.colcon_core.package_identification:_identify(src/sbus_demo) by extensions ['colcon_meta']
[0.294s] Level 1:colcon.colcon_core.package_identification:_identify(src/sbus_demo) by extension 'colcon_meta'
[0.294s] Level 1:colcon.colcon_core.package_identification:_identify(src/sbus_demo) by extensions ['ros']
[0.294s] Level 1:colcon.colcon_core.package_identification:_identify(src/sbus_demo) by extension 'ros'
[0.294s] DEBUG:colcon.colcon_core.package_identification:Package 'src/sbus_demo' with type 'ros.ament_cmake' and name 'sbus_demo'
[0.294s] Level 1:colcon.colcon_core.package_discovery:discover_packages(recursive) using defaults
[0.294s] Level 1:colcon.colcon_core.package_discovery:discover_packages(ignore) discover
[0.294s] Level 1:colcon.colcon_core.package_discovery:discover_packages(ignore) using defaults
[0.294s] Level 1:colcon.colcon_core.package_discovery:discover_packages(path) discover
[0.294s] Level 1:colcon.colcon_core.package_discovery:discover_packages(path) using defaults
[0.314s] INFO:colcon.colcon_core.package_selection:Skipping not selected package 'my_package' in 'src/my_package'
[0.314s] INFO:colcon.colcon_core.package_selection:Skipping not selected package 'my_turtlesim' in 'src/my_turtlesim'
[0.314s] INFO:colcon.colcon_core.package_selection:Skipping not selected package 'publisher_package' in 'src/publisher_subscriber'
[0.315s] Level 1:colcon.colcon_core.package_discovery:discover_packages(prefix_path) check parameters
[0.315s] Level 1:colcon.colcon_core.package_discovery:discover_packages(prefix_path) discover
[0.317s] DEBUG:colcon.colcon_installed_package_information.package_discovery:Found 4 installed packages in /home/omer/Desktop/dev_ws/install
[0.318s] DEBUG:colcon.colcon_installed_package_information.package_discovery:Found 270 installed packages in /opt/ros/humble
[0.320s] Level 1:colcon.colcon_core.package_discovery:discover_packages(prefix_path) using defaults
[0.371s] Level 5:colcon.colcon_core.verb:set package 'sbus_demo' build argument 'cmake_args' from command line to 'None'
[0.371s] Level 5:colcon.colcon_core.verb:set package 'sbus_demo' build argument 'cmake_target' from command line to 'None'
[0.371s] Level 5:colcon.colcon_core.verb:set package 'sbus_demo' build argument 'cmake_target_skip_unavailable' from command line to 'False'
[0.371s] Level 5:colcon.colcon_core.verb:set package 'sbus_demo' build argument 'cmake_clean_cache' from command line to 'False'
[0.371s] Level 5:colcon.colcon_core.verb:set package 'sbus_demo' build argument 'cmake_clean_first' from command line to 'False'
[0.372s] Level 5:colcon.colcon_core.verb:set package 'sbus_demo' build argument 'cmake_force_configure' from command line to 'False'
[0.372s] Level 5:colcon.colcon_core.verb:set package 'sbus_demo' build argument 'ament_cmake_args' from command line to 'None'
[0.372s] Level 5:colcon.colcon_core.verb:set package 'sbus_demo' build argument 'catkin_cmake_args' from command line to 'None'
[0.372s] Level 5:colcon.colcon_core.verb:set package 'sbus_demo' build argument 'catkin_skip_building_tests' from command line to 'False'
[0.372s] DEBUG:colcon.colcon_core.verb:Building package 'sbus_demo' with the following arguments: {'ament_cmake_args': None, 'build_base': '/home/omer/Desktop/dev_ws/build/sbus_demo', 'catkin_cmake_args': None, 'catkin_skip_building_tests': False, 'cmake_args': None, 'cmake_clean_cache': False, 'cmake_clean_first': False, 'cmake_force_configure': False, 'cmake_target': None, 'cmake_target_skip_unavailable': False, 'install_base': '/home/omer/Desktop/dev_ws/install/sbus_demo', 'merge_install': False, 'path': '/home/omer/Desktop/dev_ws/src/sbus_demo', 'symlink_install': False, 'test_result_base': None}
[0.372s] INFO:colcon.colcon_core.executor:Executing jobs using 'parallel' executor
[0.377s] DEBUG:colcon.colcon_parallel_executor.executor.parallel:run_until_complete
[0.378s] INFO:colcon.colcon_ros.task.ament_cmake.build:Building ROS package in '/home/omer/Desktop/dev_ws/src/sbus_demo' with build type 'ament_cmake'
[0.378s] INFO:colcon.colcon_cmake.task.cmake.build:Building CMake package in '/home/omer/Desktop/dev_ws/src/sbus_demo'
[0.381s] INFO:colcon.colcon_core.plugin_system:Skipping extension 'colcon_core.shell.bat': Not used on non-Windows systems
[0.381s] INFO:colcon.colcon_core.shell:Skip shell extension 'powershell' for command environment: Not usable outside of PowerShell
[0.381s] DEBUG:colcon.colcon_core.shell:Skip shell extension 'dsv' for command environment
[0.475s] DEBUG:colcon.colcon_core.event_handler.log_command:Invoking command in '/home/omer/Desktop/dev_ws/build/sbus_demo': CMAKE_PREFIX_PATH=${CMAKE_PREFIX_PATH}:/opt/ros/humble /usr/bin/cmake --build /home/omer/Desktop/dev_ws/build/sbus_demo -- -j8 -l8
[4.379s] DEBUG:colcon.colcon_core.event_handler.log_command:Invoked command in '/home/omer/Desktop/dev_ws/build/sbus_demo' returned '0': CMAKE_PREFIX_PATH=${CMAKE_PREFIX_PATH}:/opt/ros/humble /usr/bin/cmake --build /home/omer/Desktop/dev_ws/build/sbus_demo -- -j8 -l8
[4.403s] DEBUG:colcon.colcon_core.event_handler.log_command:Invoking command in '/home/omer/Desktop/dev_ws/build/sbus_demo': CMAKE_PREFIX_PATH=${CMAKE_PREFIX_PATH}:/opt/ros/humble /usr/bin/cmake --install /home/omer/Desktop/dev_ws/build/sbus_demo
[4.412s] Level 1:colcon.colcon_core.environment:create_environment_scripts_only(sbus_demo)
[4.413s] DEBUG:colcon.colcon_core.event_handler.log_command:Invoked command in '/home/omer/Desktop/dev_ws/build/sbus_demo' returned '0': CMAKE_PREFIX_PATH=${CMAKE_PREFIX_PATH}:/opt/ros/humble /usr/bin/cmake --install /home/omer/Desktop/dev_ws/build/sbus_demo
[4.416s] Level 1:colcon.colcon_core.environment:checking '/home/omer/Desktop/dev_ws/install/sbus_demo' for CMake module files
[4.417s] Level 1:colcon.colcon_core.environment:checking '/home/omer/Desktop/dev_ws/install/sbus_demo' for CMake config files
[4.417s] Level 1:colcon.colcon_core.shell:create_environment_hook('sbus_demo', 'cmake_prefix_path')
[4.418s] INFO:colcon.colcon_core.shell:Creating environment hook '/home/omer/Desktop/dev_ws/install/sbus_demo/share/sbus_demo/hook/cmake_prefix_path.ps1'
[4.419s] INFO:colcon.colcon_core.shell:Creating environment descriptor '/home/omer/Desktop/dev_ws/install/sbus_demo/share/sbus_demo/hook/cmake_prefix_path.dsv'
[4.419s] INFO:colcon.colcon_core.shell:Creating environment hook '/home/omer/Desktop/dev_ws/install/sbus_demo/share/sbus_demo/hook/cmake_prefix_path.sh'
[4.420s] Level 1:colcon.colcon_core.environment:checking '/home/omer/Desktop/dev_ws/install/sbus_demo/lib'
[4.420s] Level 1:colcon.colcon_core.environment:checking '/home/omer/Desktop/dev_ws/install/sbus_demo/bin'
[4.420s] Level 1:colcon.colcon_core.environment:checking '/home/omer/Desktop/dev_ws/install/sbus_demo/lib/pkgconfig/sbus_demo.pc'
[4.420s] Level 1:colcon.colcon_core.environment:checking '/home/omer/Desktop/dev_ws/install/sbus_demo/lib/python3.10/site-packages'
[4.421s] Level 1:colcon.colcon_core.environment:checking '/home/omer/Desktop/dev_ws/install/sbus_demo/bin'
[4.422s] INFO:colcon.colcon_core.shell:Creating package script '/home/omer/Desktop/dev_ws/install/sbus_demo/share/sbus_demo/package.ps1'
[4.423s] INFO:colcon.colcon_core.shell:Creating package descriptor '/home/omer/Desktop/dev_ws/install/sbus_demo/share/sbus_demo/package.dsv'
[4.423s] INFO:colcon.colcon_core.shell:Creating package script '/home/omer/Desktop/dev_ws/install/sbus_demo/share/sbus_demo/package.sh'
[4.499s] INFO:colcon.colcon_core.shell:Creating package script '/home/omer/Desktop/dev_ws/install/sbus_demo/share/sbus_demo/package.bash'
[4.500s] INFO:colcon.colcon_core.shell:Creating package script '/home/omer/Desktop/dev_ws/install/sbus_demo/share/sbus_demo/package.zsh'
[4.501s] Level 1:colcon.colcon_core.environment:create_file_with_runtime_dependencies(/home/omer/Desktop/dev_ws/install/sbus_demo/share/colcon-core/packages/sbus_demo)
[4.519s] Level 1:colcon.colcon_core.environment:create_environment_scripts_only(sbus_demo)
[4.521s] Level 1:colcon.colcon_core.environment:checking '/home/omer/Desktop/dev_ws/install/sbus_demo' for CMake module files
[4.521s] Level 1:colcon.colcon_core.environment:checking '/home/omer/Desktop/dev_ws/install/sbus_demo' for CMake config files
[4.521s] Level 1:colcon.colcon_core.shell:create_environment_hook('sbus_demo', 'cmake_prefix_path')
[4.523s] INFO:colcon.colcon_core.shell:Creating environment hook '/home/omer/Desktop/dev_ws/install/sbus_demo/share/sbus_demo/hook/cmake_prefix_path.ps1'
[4.524s] INFO:colcon.colcon_core.shell:Creating environment descriptor '/home/omer/Desktop/dev_ws/install/sbus_demo/share/sbus_demo/hook/cmake_prefix_path.dsv'
[4.524s] INFO:colcon.colcon_core.shell:Creating environment hook '/home/omer/Desktop/dev_ws/install/sbus_demo/share/sbus_demo/hook/cmake_prefix_path.sh'
[4.524s] Level 1:colcon.colcon_core.environment:checking '/home/omer/Desktop/dev_ws/install/sbus_demo/lib'
[4.524s] Level 1:colcon.colcon_core.environment:checking '/home/omer/Desktop/dev_ws/install/sbus_demo/bin'
[4.524s] Level 1:colcon.colcon_core.environment:checking '/home/omer/Desktop/dev_ws/install/sbus_demo/lib/pkgconfig/sbus_demo.pc'
[4.525s] Level 1:colcon.colcon_core.environment:checking '/home/omer/Desktop/dev_ws/install/sbus_demo/lib/python3.10/site-packages'
[4.525s] Level 1:colcon.colcon_core.environment:checking '/home/omer/Desktop/dev_ws/install/sbus_demo/bin'
[4.526s] INFO:colcon.colcon_core.shell:Creating package script '/home/omer/Desktop/dev_ws/install/sbus_demo/share/sbus_demo/package.ps1'
[4.527s] INFO:colcon.colcon_core.shell:Creating package descriptor '/home/omer/Desktop/dev_ws/install/sbus_demo/share/sbus_demo/package.dsv'
[4.527s] INFO:colcon.colcon_core.shell:Creating package script '/home/omer/Desktop/dev_ws/install/sbus_demo/share/sbus_demo/package.sh'
[4.527s] INFO:colcon.colcon_core.shell:Creating package script '/home/omer/Desktop/dev_ws/install/sbus_demo/share/sbus_demo/package.bash'
[4.528s] INFO:colcon.colcon_core.shell:Creating package script '/home/omer/Desktop/dev_ws/install/sbus_demo/share/sbus_demo/package.zsh'
[4.528s] Level 1:colcon.colcon_core.environment:create_file_with_runtime_dependencies(/home/omer/Desktop/dev_ws/install/sbus_demo/share/colcon-core/packages/sbus_demo)
[4.528s] DEBUG:colcon.colcon_parallel_executor.executor.parallel:closing loop
[4.529s] DEBUG:colcon.colcon_parallel_executor.executor.parallel:loop closed
[4.529s] DEBUG:colcon.colcon_parallel_executor.executor.parallel:run_until_complete finished with '0'
[4.529s] DEBUG:colcon.colcon_core.event_reactor:joining thread
[4.534s] INFO:colcon.colcon_core.plugin_system:Skipping extension 'colcon_notification.desktop_notification.terminal_notifier': Not used on non-Darwin systems
[4.534s] INFO:colcon.colcon_core.plugin_system:Skipping extension 'colcon_notification.desktop_notification.win32': Not used on non-Windows systems
[4.534s] INFO:colcon.colcon_notification.desktop_notification:Sending desktop notification using 'notify2'
[4.544s] DEBUG:colcon.colcon_core.event_reactor:joined thread
[4.545s] INFO:colcon.colcon_core.shell:Creating prefix script '/home/omer/Desktop/dev_ws/install/local_setup.ps1'
[4.546s] INFO:colcon.colcon_core.shell:Creating prefix util module '/home/omer/Desktop/dev_ws/install/_local_setup_util_ps1.py'
[4.548s] INFO:colcon.colcon_core.shell:Creating prefix chain script '/home/omer/Desktop/dev_ws/install/setup.ps1'
[4.549s] INFO:colcon.colcon_core.shell:Creating prefix script '/home/omer/Desktop/dev_ws/install/local_setup.sh'
[4.550s] INFO:colcon.colcon_core.shell:Creating prefix util module '/home/omer/Desktop/dev_ws/install/_local_setup_util_sh.py'
[4.550s] INFO:colcon.colcon_core.shell:Creating prefix chain script '/home/omer/Desktop/dev_ws/install/setup.sh'
[4.552s] INFO:colcon.colcon_core.shell:Creating prefix script '/home/omer/Desktop/dev_ws/install/local_setup.bash'
[4.552s] INFO:colcon.colcon_core.shell:Creating prefix chain script '/home/omer/Desktop/dev_ws/install/setup.bash'
[4.553s] INFO:colcon.colcon_core.shell:Creating prefix script '/home/omer/Desktop/dev_ws/install/local_setup.zsh'
[4.554s] INFO:colcon.colcon_core.shell:Creating prefix chain script '/home/omer/Desktop/dev_ws/install/setup.zsh'
