[0.012s] Invoking command in '/home/omer/Desktop/dev_ws/build/publisher_package': CMAKE_PREFIX_PATH=/opt/ros/humble /usr/bin/cmake --build /home/omer/Desktop/dev_ws/build/publisher_package -- -j8 -l8
[0.043s] [35m[1mConsolidate compiler generated dependencies of target talker[0m
[0.056s] [ 50%] [32mBuilding CXX object CMakeFiles/talker.dir/src/publisher_node.cpp.o[0m
[3.958s] [100%] [32m[1mLinking CXX executable talker[0m
[4.691s] [100%] Built target talker
[4.700s] Invoked command in '/home/omer/Desktop/dev_ws/build/publisher_package' returned '0': CMAKE_PREFIX_PATH=/opt/ros/humble /usr/bin/cmake --build /home/omer/Desktop/dev_ws/build/publisher_package -- -j8 -l8
[4.724s] Invoking command in '/home/omer/Desktop/dev_ws/build/publisher_package': CMAKE_PREFIX_PATH=/opt/ros/humble /usr/bin/cmake --install /home/omer/Desktop/dev_ws/build/publisher_package
[4.729s] -- Install configuration: ""
[4.729s] -- Installing: /home/omer/Desktop/dev_ws/install/publisher_package/lib/publisher_package/talker
[4.730s] -- Set runtime path of "/home/omer/Desktop/dev_ws/install/publisher_package/lib/publisher_package/talker" to ""
[4.730s] -- Installing: /home/omer/Desktop/dev_ws/install/publisher_package/share/ament_index/resource_index/package_run_dependencies/publisher_package
[4.730s] -- Installing: /home/omer/Desktop/dev_ws/install/publisher_package/share/ament_index/resource_index/parent_prefix_path/publisher_package
[4.731s] -- Installing: /home/omer/Desktop/dev_ws/install/publisher_package/share/publisher_package/environment/ament_prefix_path.sh
[4.731s] -- Installing: /home/omer/Desktop/dev_ws/install/publisher_package/share/publisher_package/environment/ament_prefix_path.dsv
[4.731s] -- Installing: /home/omer/Desktop/dev_ws/install/publisher_package/share/publisher_package/environment/path.sh
[4.731s] -- Installing: /home/omer/Desktop/dev_ws/install/publisher_package/share/publisher_package/environment/path.dsv
[4.731s] -- Installing: /home/omer/Desktop/dev_ws/install/publisher_package/share/publisher_package/local_setup.bash
[4.731s] -- Installing: /home/omer/Desktop/dev_ws/install/publisher_package/share/publisher_package/local_setup.sh
[4.731s] -- Installing: /home/omer/Desktop/dev_ws/install/publisher_package/share/publisher_package/local_setup.zsh
[4.731s] -- Installing: /home/omer/Desktop/dev_ws/install/publisher_package/share/publisher_package/local_setup.dsv
[4.731s] -- Installing: /home/omer/Desktop/dev_ws/install/publisher_package/share/publisher_package/package.dsv
[4.731s] -- Installing: /home/omer/Desktop/dev_ws/install/publisher_package/share/ament_index/resource_index/packages/publisher_package
[4.731s] -- Installing: /home/omer/Desktop/dev_ws/install/publisher_package/share/publisher_package/cmake/publisher_packageConfig.cmake
[4.732s] -- Installing: /home/omer/Desktop/dev_ws/install/publisher_package/share/publisher_package/cmake/publisher_packageConfig-version.cmake
[4.732s] -- Installing: /home/omer/Desktop/dev_ws/install/publisher_package/share/publisher_package/package.xml
[4.734s] Invoked command in '/home/omer/Desktop/dev_ws/build/publisher_package' returned '0': CMAKE_PREFIX_PATH=/opt/ros/humble /usr/bin/cmake --install /home/omer/Desktop/dev_ws/build/publisher_package
