-- Found ament_cmake: 1.3.2 (/opt/ros/humble/share/ament_cmake/cmake)
-- Found rclcpp: 16.0.1 (/opt/ros/humble/share/rclcpp/cmake)
-- Found rosidl_generator_c: 3.1.3 (/opt/ros/humble/share/rosidl_generator_c/cmake)
-- Found rosidl_adapter: 3.1.3 (/opt/ros/humble/share/rosidl_adapter/cmake)
-- Found rosidl_generator_cpp: 3.1.3 (/opt/ros/humble/share/rosidl_generator_cpp/cmake)
-- Using all available rosidl_typesupport_c: rosidl_typesupport_fastrtps_c;rosidl_typesupport_introspection_c
-- Using all available rosidl_typesupport_cpp: rosidl_typesupport_fastrtps_cpp;rosidl_typesupport_introspection_cpp
-- Found rmw_implementation_cmake: 6.1.0 (/opt/ros/humble/share/rmw_implementation_cmake/cmake)
-- Found rmw_fastrtps_cpp: 6.2.1 (/opt/ros/humble/share/rmw_fastrtps_cpp/cmake)
-- Using RMW implementation 'rmw_fastrtps_cpp' as default
-- Configuring done
-- Generating done
-- Build files have been written to: /home/omer/Desktop/dev_ws/build/sbus_demo
[ 50%] [32mBuilding CXX object CMakeFiles/sbus_demo.dir/src/sbus.cpp.o[0m
[01m[K/home/omer/Desktop/dev_ws/src/sbus_demo/src/sbus.cpp:[m[K In member function ‘[01m[Kvoid SBUS::sbus::transmitSerialSbusMessages()[m[K’:
[01m[K/home/omer/Desktop/dev_ws/src/sbus_demo/src/sbus.cpp:100:17:[m[K [01;35m[Kwarning: [m[KISO C++ forbids variable length array ‘[01m[Kbuffer[m[K’ [[01;35m[K]8;;https://gcc.gnu.org/onlinedocs/gcc/Warning-Options.html#index-Wvla-Wvla]8;;[m[K]
  100 |         uint8_t [01;35m[Kbuffer[m[K[kSbusFrameLength_];
      |                 [01;35m[K^~~~~~[m[K
[100%] [32m[1mLinking CXX executable sbus_demo[0m
[100%] Built target sbus_demo
-- Install configuration: ""
-- Installing: /home/omer/Desktop/dev_ws/install/sbus_demo/lib/sbus_demo/sbus_demo
-- Set runtime path of "/home/omer/Desktop/dev_ws/install/sbus_demo/lib/sbus_demo/sbus_demo" to ""
-- Installing: /home/omer/Desktop/dev_ws/install/sbus_demo/share/ament_index/resource_index/package_run_dependencies/sbus_demo
-- Installing: /home/omer/Desktop/dev_ws/install/sbus_demo/share/ament_index/resource_index/parent_prefix_path/sbus_demo
-- Installing: /home/omer/Desktop/dev_ws/install/sbus_demo/share/sbus_demo/environment/ament_prefix_path.sh
-- Installing: /home/omer/Desktop/dev_ws/install/sbus_demo/share/sbus_demo/environment/ament_prefix_path.dsv
-- Installing: /home/omer/Desktop/dev_ws/install/sbus_demo/share/sbus_demo/environment/path.sh
-- Installing: /home/omer/Desktop/dev_ws/install/sbus_demo/share/sbus_demo/environment/path.dsv
-- Installing: /home/omer/Desktop/dev_ws/install/sbus_demo/share/sbus_demo/local_setup.bash
-- Installing: /home/omer/Desktop/dev_ws/install/sbus_demo/share/sbus_demo/local_setup.sh
-- Installing: /home/omer/Desktop/dev_ws/install/sbus_demo/share/sbus_demo/local_setup.zsh
-- Installing: /home/omer/Desktop/dev_ws/install/sbus_demo/share/sbus_demo/local_setup.dsv
-- Installing: /home/omer/Desktop/dev_ws/install/sbus_demo/share/sbus_demo/package.dsv
-- Installing: /home/omer/Desktop/dev_ws/install/sbus_demo/share/ament_index/resource_index/packages/sbus_demo
-- Installing: /home/omer/Desktop/dev_ws/install/sbus_demo/share/sbus_demo/cmake/sbus_demoConfig.cmake
-- Installing: /home/omer/Desktop/dev_ws/install/sbus_demo/share/sbus_demo/cmake/sbus_demoConfig-version.cmake
-- Installing: /home/omer/Desktop/dev_ws/install/sbus_demo/share/sbus_demo/package.xml
