-- The C compiler identification is GNU 11.2.0
-- The CXX compiler identification is GNU 11.2.0
-- Detecting C compiler ABI info
-- Detecting C compiler ABI info - done
-- Check for working C compiler: /usr/bin/cc - skipped
-- Detecting C compile features
-- Detecting C compile features - done
-- Detecting CXX compiler ABI info
-- Detecting CXX compiler ABI info - done
-- Check for working CXX compiler: /usr/bin/c++ - skipped
-- Detecting CXX compile features
-- Detecting CXX compile features - done
-- Found ament_cmake: 1.3.2 (/opt/ros/humble/share/ament_cmake/cmake)
-- Found Python3: /usr/bin/python3.10 (found version "3.10.4") found components: Interpreter 
-- Found rclcpp: 16.0.1 (/opt/ros/humble/share/rclcpp/cmake)
-- Found rosidl_generator_c: 3.1.3 (/opt/ros/humble/share/rosidl_generator_c/cmake)
-- Found rosidl_adapter: 3.1.3 (/opt/ros/humble/share/rosidl_adapter/cmake)
-- Found rosidl_generator_cpp: 3.1.3 (/opt/ros/humble/share/rosidl_generator_cpp/cmake)
-- Using all available rosidl_typesupport_c: rosidl_typesupport_fastrtps_c;rosidl_typesupport_introspection_c
-- Using all available rosidl_typesupport_cpp: rosidl_typesupport_fastrtps_cpp;rosidl_typesupport_introspection_cpp
-- Found rmw_implementation_cmake: 6.1.0 (/opt/ros/humble/share/rmw_implementation_cmake/cmake)
-- Found rmw_fastrtps_cpp: 6.2.1 (/opt/ros/humble/share/rmw_fastrtps_cpp/cmake)
-- Found OpenSSL: /usr/lib/x86_64-linux-gnu/libcrypto.so (found version "3.0.2")  
-- Found FastRTPS: /opt/ros/humble/include  
-- Using RMW implementation 'rmw_fastrtps_cpp' as default
-- Configuring done
-- Generating done
-- Build files have been written to: /home/omer/Desktop/dev_ws/build/my_package
[ 50%] [32mBuilding CXX object CMakeFiles/my_node.dir/src/my_node.cpp.o[0m
[100%] [32m[1mLinking CXX executable my_node[0m
[100%] Built target my_node
-- Install configuration: ""
-- Installing: /home/omer/Desktop/dev_ws/install/my_package/lib/my_package/my_node
-- Set runtime path of "/home/omer/Desktop/dev_ws/install/my_package/lib/my_package/my_node" to ""
-- Installing: /home/omer/Desktop/dev_ws/install/my_package/share/ament_index/resource_index/package_run_dependencies/my_package
-- Installing: /home/omer/Desktop/dev_ws/install/my_package/share/ament_index/resource_index/parent_prefix_path/my_package
-- Installing: /home/omer/Desktop/dev_ws/install/my_package/share/my_package/environment/ament_prefix_path.sh
-- Installing: /home/omer/Desktop/dev_ws/install/my_package/share/my_package/environment/ament_prefix_path.dsv
-- Installing: /home/omer/Desktop/dev_ws/install/my_package/share/my_package/environment/path.sh
-- Installing: /home/omer/Desktop/dev_ws/install/my_package/share/my_package/environment/path.dsv
-- Installing: /home/omer/Desktop/dev_ws/install/my_package/share/my_package/local_setup.bash
-- Installing: /home/omer/Desktop/dev_ws/install/my_package/share/my_package/local_setup.sh
-- Installing: /home/omer/Desktop/dev_ws/install/my_package/share/my_package/local_setup.zsh
-- Installing: /home/omer/Desktop/dev_ws/install/my_package/share/my_package/local_setup.dsv
-- Installing: /home/omer/Desktop/dev_ws/install/my_package/share/my_package/package.dsv
-- Installing: /home/omer/Desktop/dev_ws/install/my_package/share/ament_index/resource_index/packages/my_package
-- Installing: /home/omer/Desktop/dev_ws/install/my_package/share/my_package/cmake/my_packageConfig.cmake
-- Installing: /home/omer/Desktop/dev_ws/install/my_package/share/my_package/cmake/my_packageConfig-version.cmake
-- Installing: /home/omer/Desktop/dev_ws/install/my_package/share/my_package/package.xml
