[0.044s] Invoking command in '/home/omer/Desktop/dev_ws/build/my_package': CMAKE_PREFIX_PATH=/opt/ros/humble /usr/bin/cmake /home/omer/Desktop/dev_ws/src/my_package -DCMAKE_INSTALL_PREFIX=/home/omer/Desktop/dev_ws/install/my_package
[1.601s] -- The C compiler identification is GNU 11.2.0
[3.002s] -- The CXX compiler identification is GNU 11.2.0
[3.066s] -- Detecting C compiler ABI info
[3.431s] -- Detecting C compiler ABI info - done
[3.438s] -- Check for working C compiler: /usr/bin/cc - skipped
[3.440s] -- Detecting C compile features
[3.463s] -- Detecting C compile features - done
[3.473s] -- Detecting CXX compiler ABI info
[3.637s] -- Detecting CXX compiler ABI info - done
[3.644s] -- Check for working CXX compiler: /usr/bin/c++ - skipped
[3.644s] -- Detecting CXX compile features
[3.644s] -- Detecting CXX compile features - done
[4.007s] -- Found ament_cmake: 1.3.2 (/opt/ros/humble/share/ament_cmake/cmake)
[4.276s] -- Found Python3: /usr/bin/python3.10 (found version "3.10.4") found components: Interpreter 
[5.240s] -- Found rclcpp: 16.0.1 (/opt/ros/humble/share/rclcpp/cmake)
[5.665s] -- Found rosidl_generator_c: 3.1.3 (/opt/ros/humble/share/rosidl_generator_c/cmake)
[5.700s] -- Found rosidl_adapter: 3.1.3 (/opt/ros/humble/share/rosidl_adapter/cmake)
[5.736s] -- Found rosidl_generator_cpp: 3.1.3 (/opt/ros/humble/share/rosidl_generator_cpp/cmake)
[5.783s] -- Using all available rosidl_typesupport_c: rosidl_typesupport_fastrtps_c;rosidl_typesupport_introspection_c
[5.853s] -- Using all available rosidl_typesupport_cpp: rosidl_typesupport_fastrtps_cpp;rosidl_typesupport_introspection_cpp
[6.003s] -- Found rmw_implementation_cmake: 6.1.0 (/opt/ros/humble/share/rmw_implementation_cmake/cmake)
[6.025s] -- Found rmw_fastrtps_cpp: 6.2.1 (/opt/ros/humble/share/rmw_fastrtps_cpp/cmake)
[6.487s] -- Found OpenSSL: /usr/lib/x86_64-linux-gnu/libcrypto.so (found version "3.0.2")  
[6.556s] -- Found FastRTPS: /opt/ros/humble/include  
[6.595s] -- Using RMW implementation 'rmw_fastrtps_cpp' as default
[7.011s] -- Configuring done
[7.083s] -- Generating done
[7.090s] -- Build files have been written to: /home/omer/Desktop/dev_ws/build/my_package
[7.109s] Invoked command in '/home/omer/Desktop/dev_ws/build/my_package' returned '0': CMAKE_PREFIX_PATH=/opt/ros/humble /usr/bin/cmake /home/omer/Desktop/dev_ws/src/my_package -DCMAKE_INSTALL_PREFIX=/home/omer/Desktop/dev_ws/install/my_package
[7.112s] Invoking command in '/home/omer/Desktop/dev_ws/build/my_package': CMAKE_PREFIX_PATH=/opt/ros/humble /usr/bin/cmake --build /home/omer/Desktop/dev_ws/build/my_package -- -j8 -l8
[7.152s] [ 50%] [32mBuilding CXX object CMakeFiles/my_node.dir/src/my_node.cpp.o[0m
[12.004s] [100%] [32m[1mLinking CXX executable my_node[0m
[12.544s] [100%] Built target my_node
[12.552s] Invoked command in '/home/omer/Desktop/dev_ws/build/my_package' returned '0': CMAKE_PREFIX_PATH=/opt/ros/humble /usr/bin/cmake --build /home/omer/Desktop/dev_ws/build/my_package -- -j8 -l8
[12.576s] Invoking command in '/home/omer/Desktop/dev_ws/build/my_package': CMAKE_PREFIX_PATH=/opt/ros/humble /usr/bin/cmake --install /home/omer/Desktop/dev_ws/build/my_package
[12.581s] -- Install configuration: ""
[12.581s] -- Installing: /home/omer/Desktop/dev_ws/install/my_package/lib/my_package/my_node
[12.582s] -- Set runtime path of "/home/omer/Desktop/dev_ws/install/my_package/lib/my_package/my_node" to ""
[12.582s] -- Installing: /home/omer/Desktop/dev_ws/install/my_package/share/ament_index/resource_index/package_run_dependencies/my_package
[12.582s] -- Installing: /home/omer/Desktop/dev_ws/install/my_package/share/ament_index/resource_index/parent_prefix_path/my_package
[12.582s] -- Installing: /home/omer/Desktop/dev_ws/install/my_package/share/my_package/environment/ament_prefix_path.sh
[12.582s] -- Installing: /home/omer/Desktop/dev_ws/install/my_package/share/my_package/environment/ament_prefix_path.dsv
[12.582s] -- Installing: /home/omer/Desktop/dev_ws/install/my_package/share/my_package/environment/path.sh
[12.582s] -- Installing: /home/omer/Desktop/dev_ws/install/my_package/share/my_package/environment/path.dsv
[12.582s] -- Installing: /home/omer/Desktop/dev_ws/install/my_package/share/my_package/local_setup.bash
[12.582s] -- Installing: /home/omer/Desktop/dev_ws/install/my_package/share/my_package/local_setup.sh
[12.582s] -- Installing: /home/omer/Desktop/dev_ws/install/my_package/share/my_package/local_setup.zsh
[12.583s] -- Installing: /home/omer/Desktop/dev_ws/install/my_package/share/my_package/local_setup.dsv
[12.583s] -- Installing: /home/omer/Desktop/dev_ws/install/my_package/share/my_package/package.dsv
[12.583s] -- Installing: /home/omer/Desktop/dev_ws/install/my_package/share/ament_index/resource_index/packages/my_package
[12.583s] -- Installing: /home/omer/Desktop/dev_ws/install/my_package/share/my_package/cmake/my_packageConfig.cmake
[12.583s] -- Installing: /home/omer/Desktop/dev_ws/install/my_package/share/my_package/cmake/my_packageConfig-version.cmake
[12.583s] -- Installing: /home/omer/Desktop/dev_ws/install/my_package/share/my_package/package.xml
[12.585s] Invoked command in '/home/omer/Desktop/dev_ws/build/my_package' returned '0': CMAKE_PREFIX_PATH=/opt/ros/humble /usr/bin/cmake --install /home/omer/Desktop/dev_ws/build/my_package
