[0.286s] DEBUG:colcon:Command line arguments: ['/usr/bin/colcon', 'build', '--packages-select', 'my_turtlesim']
[0.286s] DEBUG:colcon:Parsed command line arguments: Namespace(log_base=None, log_level=None, verb_name='build', build_base='build', install_base='install', merge_install=False, symlink_install=False, test_result_base=None, continue_on_error=False, executor='parallel', parallel_workers=8, event_handlers=None, ignore_user_meta=False, metas=['./colcon.meta'], base_paths=['.'], packages_ignore=None, packages_ignore_regex=None, paths=None, packages_up_to=None, packages_up_to_regex=None, packages_above=None, packages_above_and_dependencies=None, packages_above_depth=None, packages_select_by_dep=None, packages_skip_by_dep=None, packages_skip_up_to=None, packages_select_build_failed=False, packages_skip_build_finished=False, packages_select_test_failures=False, packages_skip_test_passed=False, packages_select=['my_turtlesim'], packages_skip=None, packages_select_regex=None, packages_skip_regex=None, packages_start=None, packages_end=None, allow_overriding=[], cmake_args=None, cmake_target=None, cmake_target_skip_unavailable=False, cmake_clean_cache=False, cmake_clean_first=False, cmake_force_configure=False, ament_cmake_args=None, catkin_cmake_args=None, catkin_skip_building_tests=False, verb_parser=<colcon_defaults.argument_parser.defaults.DefaultArgumentsDecorator object at 0x7f0198090c40>, verb_extension=<colcon_core.verb.build.BuildVerb object at 0x7f0198a23610>, main=<bound method BuildVerb.main of <colcon_core.verb.build.BuildVerb object at 0x7f0198a23610>>)
[0.376s] Level 1:colcon.colcon_core.package_discovery:discover_packages(colcon_meta) check parameters
[0.376s] Level 1:colcon.colcon_core.package_discovery:discover_packages(recursive) check parameters
[0.376s] Level 1:colcon.colcon_core.package_discovery:discover_packages(ignore) check parameters
[0.376s] Level 1:colcon.colcon_core.package_discovery:discover_packages(path) check parameters
[0.376s] Level 1:colcon.colcon_core.package_discovery:discover_packages(colcon_meta) discover
[0.377s] Level 1:colcon.colcon_core.package_discovery:discover_packages(recursive) discover
[0.377s] INFO:colcon.colcon_core.package_discovery:Crawling recursively for packages in '/home/omer/Desktop/dev_ws'
[0.377s] Level 1:colcon.colcon_core.package_identification:_identify(.) by extensions ['ignore', 'ignore_ament_install']
[0.377s] Level 1:colcon.colcon_core.package_identification:_identify(.) by extension 'ignore'
[0.377s] Level 1:colcon.colcon_core.package_identification:_identify(.) by extension 'ignore_ament_install'
[0.377s] Level 1:colcon.colcon_core.package_identification:_identify(.) by extensions ['colcon_pkg']
[0.378s] Level 1:colcon.colcon_core.package_identification:_identify(.) by extension 'colcon_pkg'
[0.378s] Level 1:colcon.colcon_core.package_identification:_identify(.) by extensions ['colcon_meta']
[0.378s] Level 1:colcon.colcon_core.package_identification:_identify(.) by extension 'colcon_meta'
[0.378s] Level 1:colcon.colcon_core.package_identification:_identify(.) by extensions ['ros']
[0.378s] Level 1:colcon.colcon_core.package_identification:_identify(.) by extension 'ros'
[0.402s] Level 1:colcon.colcon_core.package_identification:_identify(.) by extensions ['cmake', 'python']
[0.402s] Level 1:colcon.colcon_core.package_identification:_identify(.) by extension 'cmake'
[0.402s] Level 1:colcon.colcon_core.package_identification:_identify(.) by extension 'python'
[0.402s] Level 1:colcon.colcon_core.package_identification:_identify(.) by extensions ['python_setup_py']
[0.402s] Level 1:colcon.colcon_core.package_identification:_identify(.) by extension 'python_setup_py'
[0.402s] Level 1:colcon.colcon_core.package_identification:_identify(build) by extensions ['ignore', 'ignore_ament_install']
[0.403s] Level 1:colcon.colcon_core.package_identification:_identify(build) by extension 'ignore'
[0.403s] Level 1:colcon.colcon_core.package_identification:_identify(build) ignored
[0.403s] Level 1:colcon.colcon_core.package_identification:_identify(install) by extensions ['ignore', 'ignore_ament_install']
[0.403s] Level 1:colcon.colcon_core.package_identification:_identify(install) by extension 'ignore'
[0.403s] Level 1:colcon.colcon_core.package_identification:_identify(install) ignored
[0.403s] Level 1:colcon.colcon_core.package_identification:_identify(log) by extensions ['ignore', 'ignore_ament_install']
[0.403s] Level 1:colcon.colcon_core.package_identification:_identify(log) by extension 'ignore'
[0.403s] Level 1:colcon.colcon_core.package_identification:_identify(log) ignored
[0.403s] Level 1:colcon.colcon_core.package_identification:_identify(src) by extensions ['ignore', 'ignore_ament_install']
[0.403s] Level 1:colcon.colcon_core.package_identification:_identify(src) by extension 'ignore'
[0.403s] Level 1:colcon.colcon_core.package_identification:_identify(src) by extension 'ignore_ament_install'
[0.403s] Level 1:colcon.colcon_core.package_identification:_identify(src) by extensions ['colcon_pkg']
[0.403s] Level 1:colcon.colcon_core.package_identification:_identify(src) by extension 'colcon_pkg'
[0.403s] Level 1:colcon.colcon_core.package_identification:_identify(src) by extensions ['colcon_meta']
[0.404s] Level 1:colcon.colcon_core.package_identification:_identify(src) by extension 'colcon_meta'
[0.404s] Level 1:colcon.colcon_core.package_identification:_identify(src) by extensions ['ros']
[0.404s] Level 1:colcon.colcon_core.package_identification:_identify(src) by extension 'ros'
[0.404s] Level 1:colcon.colcon_core.package_identification:_identify(src) by extensions ['cmake', 'python']
[0.404s] Level 1:colcon.colcon_core.package_identification:_identify(src) by extension 'cmake'
[0.404s] Level 1:colcon.colcon_core.package_identification:_identify(src) by extension 'python'
[0.404s] Level 1:colcon.colcon_core.package_identification:_identify(src) by extensions ['python_setup_py']
[0.404s] Level 1:colcon.colcon_core.package_identification:_identify(src) by extension 'python_setup_py'
[0.404s] Level 1:colcon.colcon_core.package_identification:_identify(src/build) by extensions ['ignore', 'ignore_ament_install']
[0.404s] Level 1:colcon.colcon_core.package_identification:_identify(src/build) by extension 'ignore'
[0.404s] Level 1:colcon.colcon_core.package_identification:_identify(src/build) ignored
[0.404s] Level 1:colcon.colcon_core.package_identification:_identify(src/install) by extensions ['ignore', 'ignore_ament_install']
[0.404s] Level 1:colcon.colcon_core.package_identification:_identify(src/install) by extension 'ignore'
[0.404s] Level 1:colcon.colcon_core.package_identification:_identify(src/install) ignored
[0.404s] Level 1:colcon.colcon_core.package_identification:_identify(src/log) by extensions ['ignore', 'ignore_ament_install']
[0.405s] Level 1:colcon.colcon_core.package_identification:_identify(src/log) by extension 'ignore'
[0.405s] Level 1:colcon.colcon_core.package_identification:_identify(src/log) ignored
[0.405s] Level 1:colcon.colcon_core.package_identification:_identify(src/my_package) by extensions ['ignore', 'ignore_ament_install']
[0.405s] Level 1:colcon.colcon_core.package_identification:_identify(src/my_package) by extension 'ignore'
[0.405s] Level 1:colcon.colcon_core.package_identification:_identify(src/my_package) by extension 'ignore_ament_install'
[0.405s] Level 1:colcon.colcon_core.package_identification:_identify(src/my_package) by extensions ['colcon_pkg']
[0.405s] Level 1:colcon.colcon_core.package_identification:_identify(src/my_package) by extension 'colcon_pkg'
[0.405s] Level 1:colcon.colcon_core.package_identification:_identify(src/my_package) by extensions ['colcon_meta']
[0.405s] Level 1:colcon.colcon_core.package_identification:_identify(src/my_package) by extension 'colcon_meta'
[0.405s] Level 1:colcon.colcon_core.package_identification:_identify(src/my_package) by extensions ['ros']
[0.405s] Level 1:colcon.colcon_core.package_identification:_identify(src/my_package) by extension 'ros'
[0.407s] DEBUG:colcon.colcon_core.package_identification:Package 'src/my_package' with type 'ros.ament_cmake' and name 'my_package'
[0.407s] Level 1:colcon.colcon_core.package_identification:_identify(src/my_turtlesim) by extensions ['ignore', 'ignore_ament_install']
[0.407s] Level 1:colcon.colcon_core.package_identification:_identify(src/my_turtlesim) by extension 'ignore'
[0.407s] Level 1:colcon.colcon_core.package_identification:_identify(src/my_turtlesim) by extension 'ignore_ament_install'
[0.408s] Level 1:colcon.colcon_core.package_identification:_identify(src/my_turtlesim) by extensions ['colcon_pkg']
[0.408s] Level 1:colcon.colcon_core.package_identification:_identify(src/my_turtlesim) by extension 'colcon_pkg'
[0.408s] Level 1:colcon.colcon_core.package_identification:_identify(src/my_turtlesim) by extensions ['colcon_meta']
[0.408s] Level 1:colcon.colcon_core.package_identification:_identify(src/my_turtlesim) by extension 'colcon_meta'
[0.408s] Level 1:colcon.colcon_core.package_identification:_identify(src/my_turtlesim) by extensions ['ros']
[0.408s] Level 1:colcon.colcon_core.package_identification:_identify(src/my_turtlesim) by extension 'ros'
[0.408s] DEBUG:colcon.colcon_core.package_identification:Package 'src/my_turtlesim' with type 'ros.ament_cmake' and name 'my_turtlesim'
[0.408s] Level 1:colcon.colcon_core.package_identification:_identify(src/publisher_subscriber) by extensions ['ignore', 'ignore_ament_install']
[0.409s] Level 1:colcon.colcon_core.package_identification:_identify(src/publisher_subscriber) by extension 'ignore'
[0.409s] Level 1:colcon.colcon_core.package_identification:_identify(src/publisher_subscriber) by extension 'ignore_ament_install'
[0.409s] Level 1:colcon.colcon_core.package_identification:_identify(src/publisher_subscriber) by extensions ['colcon_pkg']
[0.409s] Level 1:colcon.colcon_core.package_identification:_identify(src/publisher_subscriber) by extension 'colcon_pkg'
[0.409s] Level 1:colcon.colcon_core.package_identification:_identify(src/publisher_subscriber) by extensions ['colcon_meta']
[0.409s] Level 1:colcon.colcon_core.package_identification:_identify(src/publisher_subscriber) by extension 'colcon_meta'
[0.409s] Level 1:colcon.colcon_core.package_identification:_identify(src/publisher_subscriber) by extensions ['ros']
[0.409s] Level 1:colcon.colcon_core.package_identification:_identify(src/publisher_subscriber) by extension 'ros'
[0.409s] DEBUG:colcon.colcon_core.package_identification:Package 'src/publisher_subscriber' with type 'ros.ament_cmake' and name 'publisher_package'
[0.409s] Level 1:colcon.colcon_core.package_identification:_identify(src/sbus_demo) by extensions ['ignore', 'ignore_ament_install']
[0.410s] Level 1:colcon.colcon_core.package_identification:_identify(src/sbus_demo) by extension 'ignore'
[0.410s] Level 1:colcon.colcon_core.package_identification:_identify(src/sbus_demo) by extension 'ignore_ament_install'
[0.410s] Level 1:colcon.colcon_core.package_identification:_identify(src/sbus_demo) by extensions ['colcon_pkg']
[0.410s] Level 1:colcon.colcon_core.package_identification:_identify(src/sbus_demo) by extension 'colcon_pkg'
[0.410s] Level 1:colcon.colcon_core.package_identification:_identify(src/sbus_demo) by extensions ['colcon_meta']
[0.410s] Level 1:colcon.colcon_core.package_identification:_identify(src/sbus_demo) by extension 'colcon_meta'
[0.410s] Level 1:colcon.colcon_core.package_identification:_identify(src/sbus_demo) by extensions ['ros']
[0.410s] Level 1:colcon.colcon_core.package_identification:_identify(src/sbus_demo) by extension 'ros'
[0.410s] DEBUG:colcon.colcon_core.package_identification:Package 'src/sbus_demo' with type 'ros.ament_cmake' and name 'sbus_demo'
[0.410s] Level 1:colcon.colcon_core.package_discovery:discover_packages(recursive) using defaults
[0.410s] Level 1:colcon.colcon_core.package_discovery:discover_packages(ignore) discover
[0.410s] Level 1:colcon.colcon_core.package_discovery:discover_packages(ignore) using defaults
[0.410s] Level 1:colcon.colcon_core.package_discovery:discover_packages(path) discover
[0.410s] Level 1:colcon.colcon_core.package_discovery:discover_packages(path) using defaults
[0.430s] INFO:colcon.colcon_core.package_selection:Skipping not selected package 'my_package' in 'src/my_package'
[0.430s] INFO:colcon.colcon_core.package_selection:Skipping not selected package 'publisher_package' in 'src/publisher_subscriber'
[0.431s] INFO:colcon.colcon_core.package_selection:Skipping not selected package 'sbus_demo' in 'src/sbus_demo'
[0.431s] Level 1:colcon.colcon_core.package_discovery:discover_packages(prefix_path) check parameters
[0.431s] Level 1:colcon.colcon_core.package_discovery:discover_packages(prefix_path) discover
[0.434s] DEBUG:colcon.colcon_installed_package_information.package_discovery:Found 4 installed packages in /home/omer/Desktop/dev_ws/install
[0.435s] DEBUG:colcon.colcon_installed_package_information.package_discovery:Found 270 installed packages in /opt/ros/humble
[0.437s] Level 1:colcon.colcon_core.package_discovery:discover_packages(prefix_path) using defaults
[0.488s] Level 5:colcon.colcon_core.verb:set package 'my_turtlesim' build argument 'cmake_args' from command line to 'None'
[0.488s] Level 5:colcon.colcon_core.verb:set package 'my_turtlesim' build argument 'cmake_target' from command line to 'None'
[0.489s] Level 5:colcon.colcon_core.verb:set package 'my_turtlesim' build argument 'cmake_target_skip_unavailable' from command line to 'False'
[0.489s] Level 5:colcon.colcon_core.verb:set package 'my_turtlesim' build argument 'cmake_clean_cache' from command line to 'False'
[0.489s] Level 5:colcon.colcon_core.verb:set package 'my_turtlesim' build argument 'cmake_clean_first' from command line to 'False'
[0.489s] Level 5:colcon.colcon_core.verb:set package 'my_turtlesim' build argument 'cmake_force_configure' from command line to 'False'
[0.489s] Level 5:colcon.colcon_core.verb:set package 'my_turtlesim' build argument 'ament_cmake_args' from command line to 'None'
[0.489s] Level 5:colcon.colcon_core.verb:set package 'my_turtlesim' build argument 'catkin_cmake_args' from command line to 'None'
[0.489s] Level 5:colcon.colcon_core.verb:set package 'my_turtlesim' build argument 'catkin_skip_building_tests' from command line to 'False'
[0.489s] DEBUG:colcon.colcon_core.verb:Building package 'my_turtlesim' with the following arguments: {'ament_cmake_args': None, 'build_base': '/home/omer/Desktop/dev_ws/build/my_turtlesim', 'catkin_cmake_args': None, 'catkin_skip_building_tests': False, 'cmake_args': None, 'cmake_clean_cache': False, 'cmake_clean_first': False, 'cmake_force_configure': False, 'cmake_target': None, 'cmake_target_skip_unavailable': False, 'install_base': '/home/omer/Desktop/dev_ws/install/my_turtlesim', 'merge_install': False, 'path': '/home/omer/Desktop/dev_ws/src/my_turtlesim', 'symlink_install': False, 'test_result_base': None}
[0.489s] INFO:colcon.colcon_core.executor:Executing jobs using 'parallel' executor
[0.493s] DEBUG:colcon.colcon_parallel_executor.executor.parallel:run_until_complete
[0.493s] INFO:colcon.colcon_ros.task.ament_cmake.build:Building ROS package in '/home/omer/Desktop/dev_ws/src/my_turtlesim' with build type 'ament_cmake'
[0.494s] INFO:colcon.colcon_cmake.task.cmake.build:Building CMake package in '/home/omer/Desktop/dev_ws/src/my_turtlesim'
[0.498s] INFO:colcon.colcon_core.plugin_system:Skipping extension 'colcon_core.shell.bat': Not used on non-Windows systems
[0.498s] INFO:colcon.colcon_core.shell:Skip shell extension 'powershell' for command environment: Not usable outside of PowerShell
[0.498s] DEBUG:colcon.colcon_core.shell:Skip shell extension 'dsv' for command environment
[0.509s] DEBUG:colcon.colcon_core.event_handler.log_command:Invoking command in '/home/omer/Desktop/dev_ws/build/my_turtlesim': CMAKE_PREFIX_PATH=${CMAKE_PREFIX_PATH}:/opt/ros/humble /usr/bin/cmake --build /home/omer/Desktop/dev_ws/build/my_turtlesim -- -j8 -l8
[18.982s] DEBUG:colcon.colcon_core.event_handler.log_command:Invoked command in '/home/omer/Desktop/dev_ws/build/my_turtlesim' returned '0': CMAKE_PREFIX_PATH=${CMAKE_PREFIX_PATH}:/opt/ros/humble /usr/bin/cmake --build /home/omer/Desktop/dev_ws/build/my_turtlesim -- -j8 -l8
[19.166s] DEBUG:colcon.colcon_core.event_handler.log_command:Invoking command in '/home/omer/Desktop/dev_ws/build/my_turtlesim': CMAKE_PREFIX_PATH=${CMAKE_PREFIX_PATH}:/opt/ros/humble /usr/bin/cmake --install /home/omer/Desktop/dev_ws/build/my_turtlesim
[20.159s] Level 1:colcon.colcon_core.environment:create_environment_scripts_only(my_turtlesim)
[20.162s] DEBUG:colcon.colcon_core.event_handler.log_command:Invoked command in '/home/omer/Desktop/dev_ws/build/my_turtlesim' returned '0': CMAKE_PREFIX_PATH=${CMAKE_PREFIX_PATH}:/opt/ros/humble /usr/bin/cmake --install /home/omer/Desktop/dev_ws/build/my_turtlesim
[20.176s] Level 1:colcon.colcon_core.environment:checking '/home/omer/Desktop/dev_ws/install/my_turtlesim' for CMake module files
[20.177s] Level 1:colcon.colcon_core.environment:checking '/home/omer/Desktop/dev_ws/install/my_turtlesim' for CMake config files
[20.178s] Level 1:colcon.colcon_core.shell:create_environment_hook('my_turtlesim', 'cmake_prefix_path')
[20.182s] INFO:colcon.colcon_core.shell:Creating environment hook '/home/omer/Desktop/dev_ws/install/my_turtlesim/share/my_turtlesim/hook/cmake_prefix_path.ps1'
[20.184s] INFO:colcon.colcon_core.shell:Creating environment descriptor '/home/omer/Desktop/dev_ws/install/my_turtlesim/share/my_turtlesim/hook/cmake_prefix_path.dsv'
[20.185s] INFO:colcon.colcon_core.shell:Creating environment hook '/home/omer/Desktop/dev_ws/install/my_turtlesim/share/my_turtlesim/hook/cmake_prefix_path.sh'
[20.187s] Level 1:colcon.colcon_core.environment:checking '/home/omer/Desktop/dev_ws/install/my_turtlesim/lib'
[20.187s] Level 1:colcon.colcon_core.environment:checking '/home/omer/Desktop/dev_ws/install/my_turtlesim/bin'
[20.187s] Level 1:colcon.colcon_core.environment:checking '/home/omer/Desktop/dev_ws/install/my_turtlesim/lib/pkgconfig/my_turtlesim.pc'
[20.188s] Level 1:colcon.colcon_core.environment:checking '/home/omer/Desktop/dev_ws/install/my_turtlesim/lib/python3.10/site-packages'
[20.188s] Level 1:colcon.colcon_core.environment:checking '/home/omer/Desktop/dev_ws/install/my_turtlesim/bin'
[20.191s] INFO:colcon.colcon_core.shell:Creating package script '/home/omer/Desktop/dev_ws/install/my_turtlesim/share/my_turtlesim/package.ps1'
[20.192s] INFO:colcon.colcon_core.shell:Creating package descriptor '/home/omer/Desktop/dev_ws/install/my_turtlesim/share/my_turtlesim/package.dsv'
[20.193s] INFO:colcon.colcon_core.shell:Creating package script '/home/omer/Desktop/dev_ws/install/my_turtlesim/share/my_turtlesim/package.sh'
[20.194s] INFO:colcon.colcon_core.shell:Creating package script '/home/omer/Desktop/dev_ws/install/my_turtlesim/share/my_turtlesim/package.bash'
[20.195s] INFO:colcon.colcon_core.shell:Creating package script '/home/omer/Desktop/dev_ws/install/my_turtlesim/share/my_turtlesim/package.zsh'
[20.196s] Level 1:colcon.colcon_core.environment:create_file_with_runtime_dependencies(/home/omer/Desktop/dev_ws/install/my_turtlesim/share/colcon-core/packages/my_turtlesim)
[20.219s] Level 1:colcon.colcon_core.environment:create_environment_scripts_only(my_turtlesim)
[20.221s] Level 1:colcon.colcon_core.environment:checking '/home/omer/Desktop/dev_ws/install/my_turtlesim' for CMake module files
[20.222s] Level 1:colcon.colcon_core.environment:checking '/home/omer/Desktop/dev_ws/install/my_turtlesim' for CMake config files
[20.222s] Level 1:colcon.colcon_core.shell:create_environment_hook('my_turtlesim', 'cmake_prefix_path')
[20.223s] INFO:colcon.colcon_core.shell:Creating environment hook '/home/omer/Desktop/dev_ws/install/my_turtlesim/share/my_turtlesim/hook/cmake_prefix_path.ps1'
[20.224s] INFO:colcon.colcon_core.shell:Creating environment descriptor '/home/omer/Desktop/dev_ws/install/my_turtlesim/share/my_turtlesim/hook/cmake_prefix_path.dsv'
[20.224s] INFO:colcon.colcon_core.shell:Creating environment hook '/home/omer/Desktop/dev_ws/install/my_turtlesim/share/my_turtlesim/hook/cmake_prefix_path.sh'
[20.225s] Level 1:colcon.colcon_core.environment:checking '/home/omer/Desktop/dev_ws/install/my_turtlesim/lib'
[20.225s] Level 1:colcon.colcon_core.environment:checking '/home/omer/Desktop/dev_ws/install/my_turtlesim/bin'
[20.225s] Level 1:colcon.colcon_core.environment:checking '/home/omer/Desktop/dev_ws/install/my_turtlesim/lib/pkgconfig/my_turtlesim.pc'
[20.225s] Level 1:colcon.colcon_core.environment:checking '/home/omer/Desktop/dev_ws/install/my_turtlesim/lib/python3.10/site-packages'
[20.225s] Level 1:colcon.colcon_core.environment:checking '/home/omer/Desktop/dev_ws/install/my_turtlesim/bin'
[20.227s] INFO:colcon.colcon_core.shell:Creating package script '/home/omer/Desktop/dev_ws/install/my_turtlesim/share/my_turtlesim/package.ps1'
[20.227s] INFO:colcon.colcon_core.shell:Creating package descriptor '/home/omer/Desktop/dev_ws/install/my_turtlesim/share/my_turtlesim/package.dsv'
[20.228s] INFO:colcon.colcon_core.shell:Creating package script '/home/omer/Desktop/dev_ws/install/my_turtlesim/share/my_turtlesim/package.sh'
[20.228s] INFO:colcon.colcon_core.shell:Creating package script '/home/omer/Desktop/dev_ws/install/my_turtlesim/share/my_turtlesim/package.bash'
[20.229s] INFO:colcon.colcon_core.shell:Creating package script '/home/omer/Desktop/dev_ws/install/my_turtlesim/share/my_turtlesim/package.zsh'
[20.229s] Level 1:colcon.colcon_core.environment:create_file_with_runtime_dependencies(/home/omer/Desktop/dev_ws/install/my_turtlesim/share/colcon-core/packages/my_turtlesim)
[20.229s] DEBUG:colcon.colcon_parallel_executor.executor.parallel:closing loop
[20.229s] DEBUG:colcon.colcon_parallel_executor.executor.parallel:loop closed
[20.230s] DEBUG:colcon.colcon_parallel_executor.executor.parallel:run_until_complete finished with '0'
[20.230s] DEBUG:colcon.colcon_core.event_reactor:joining thread
[20.398s] INFO:colcon.colcon_core.plugin_system:Skipping extension 'colcon_notification.desktop_notification.terminal_notifier': Not used on non-Darwin systems
[20.398s] INFO:colcon.colcon_core.plugin_system:Skipping extension 'colcon_notification.desktop_notification.win32': Not used on non-Windows systems
[20.398s] INFO:colcon.colcon_notification.desktop_notification:Sending desktop notification using 'notify2'
[20.439s] DEBUG:colcon.colcon_core.event_reactor:joined thread
[20.442s] INFO:colcon.colcon_core.shell:Creating prefix script '/home/omer/Desktop/dev_ws/install/local_setup.ps1'
[20.444s] INFO:colcon.colcon_core.shell:Creating prefix util module '/home/omer/Desktop/dev_ws/install/_local_setup_util_ps1.py'
[20.447s] INFO:colcon.colcon_core.shell:Creating prefix chain script '/home/omer/Desktop/dev_ws/install/setup.ps1'
[20.471s] INFO:colcon.colcon_core.shell:Creating prefix script '/home/omer/Desktop/dev_ws/install/local_setup.sh'
[20.493s] INFO:colcon.colcon_core.shell:Creating prefix util module '/home/omer/Desktop/dev_ws/install/_local_setup_util_sh.py'
[20.494s] INFO:colcon.colcon_core.shell:Creating prefix chain script '/home/omer/Desktop/dev_ws/install/setup.sh'
[20.504s] INFO:colcon.colcon_core.shell:Creating prefix script '/home/omer/Desktop/dev_ws/install/local_setup.bash'
[20.548s] INFO:colcon.colcon_core.shell:Creating prefix chain script '/home/omer/Desktop/dev_ws/install/setup.bash'
[20.553s] INFO:colcon.colcon_core.shell:Creating prefix script '/home/omer/Desktop/dev_ws/install/local_setup.zsh'
[20.555s] INFO:colcon.colcon_core.shell:Creating prefix chain script '/home/omer/Desktop/dev_ws/install/setup.zsh'
