[6.889s] DEBUG:colcon:Command line arguments: ['/usr/bin/colcon', 'build']
[6.889s] DEBUG:colcon:Parsed command line arguments: Namespace(log_base=None, log_level=None, verb_name='build', build_base='build', install_base='install', merge_install=False, symlink_install=False, test_result_base=None, continue_on_error=False, executor='parallel', parallel_workers=8, event_handlers=None, ignore_user_meta=False, metas=['./colcon.meta'], base_paths=['.'], packages_ignore=None, packages_ignore_regex=None, paths=None, packages_up_to=None, packages_up_to_regex=None, packages_above=None, packages_above_and_dependencies=None, packages_above_depth=None, packages_select_by_dep=None, packages_skip_by_dep=None, packages_skip_up_to=None, packages_select_build_failed=False, packages_skip_build_finished=False, packages_select_test_failures=False, packages_skip_test_passed=False, packages_select=None, packages_skip=None, packages_select_regex=None, packages_skip_regex=None, packages_start=None, packages_end=None, allow_overriding=[], cmake_args=None, cmake_target=None, cmake_target_skip_unavailable=False, cmake_clean_cache=False, cmake_clean_first=False, cmake_force_configure=False, ament_cmake_args=None, catkin_cmake_args=None, catkin_skip_building_tests=False, verb_parser=<colcon_defaults.argument_parser.defaults.DefaultArgumentsDecorator object at 0x7fbfd3674be0>, verb_extension=<colcon_core.verb.build.BuildVerb object at 0x7fbfd3fc0a00>, main=<bound method BuildVerb.main of <colcon_core.verb.build.BuildVerb object at 0x7fbfd3fc0a00>>)
[7.595s] Level 1:colcon.colcon_core.package_discovery:discover_packages(colcon_meta) check parameters
[7.596s] Level 1:colcon.colcon_core.package_discovery:discover_packages(recursive) check parameters
[7.596s] Level 1:colcon.colcon_core.package_discovery:discover_packages(ignore) check parameters
[7.596s] Level 1:colcon.colcon_core.package_discovery:discover_packages(path) check parameters
[7.596s] Level 1:colcon.colcon_core.package_discovery:discover_packages(colcon_meta) discover
[7.597s] Level 1:colcon.colcon_core.package_discovery:discover_packages(recursive) discover
[7.597s] INFO:colcon.colcon_core.package_discovery:Crawling recursively for packages in '/home/omer/Desktop/dev_ws'
[7.597s] Level 1:colcon.colcon_core.package_identification:_identify(.) by extensions ['ignore', 'ignore_ament_install']
[7.598s] Level 1:colcon.colcon_core.package_identification:_identify(.) by extension 'ignore'
[7.598s] Level 1:colcon.colcon_core.package_identification:_identify(.) by extension 'ignore_ament_install'
[7.599s] Level 1:colcon.colcon_core.package_identification:_identify(.) by extensions ['colcon_pkg']
[7.599s] Level 1:colcon.colcon_core.package_identification:_identify(.) by extension 'colcon_pkg'
[7.599s] Level 1:colcon.colcon_core.package_identification:_identify(.) by extensions ['colcon_meta']
[7.599s] Level 1:colcon.colcon_core.package_identification:_identify(.) by extension 'colcon_meta'
[7.599s] Level 1:colcon.colcon_core.package_identification:_identify(.) by extensions ['ros']
[7.600s] Level 1:colcon.colcon_core.package_identification:_identify(.) by extension 'ros'
[7.689s] Level 1:colcon.colcon_core.package_identification:_identify(.) by extensions ['cmake', 'python']
[7.689s] Level 1:colcon.colcon_core.package_identification:_identify(.) by extension 'cmake'
[7.689s] Level 1:colcon.colcon_core.package_identification:_identify(.) by extension 'python'
[7.689s] Level 1:colcon.colcon_core.package_identification:_identify(.) by extensions ['python_setup_py']
[7.689s] Level 1:colcon.colcon_core.package_identification:_identify(.) by extension 'python_setup_py'
[7.689s] Level 1:colcon.colcon_core.package_identification:_identify(build) by extensions ['ignore', 'ignore_ament_install']
[7.689s] Level 1:colcon.colcon_core.package_identification:_identify(build) by extension 'ignore'
[7.690s] Level 1:colcon.colcon_core.package_identification:_identify(build) ignored
[7.690s] Level 1:colcon.colcon_core.package_identification:_identify(install) by extensions ['ignore', 'ignore_ament_install']
[7.690s] Level 1:colcon.colcon_core.package_identification:_identify(install) by extension 'ignore'
[7.690s] Level 1:colcon.colcon_core.package_identification:_identify(install) ignored
[7.690s] Level 1:colcon.colcon_core.package_identification:_identify(log) by extensions ['ignore', 'ignore_ament_install']
[7.690s] Level 1:colcon.colcon_core.package_identification:_identify(log) by extension 'ignore'
[7.690s] Level 1:colcon.colcon_core.package_identification:_identify(log) ignored
[7.690s] Level 1:colcon.colcon_core.package_identification:_identify(src) by extensions ['ignore', 'ignore_ament_install']
[7.690s] Level 1:colcon.colcon_core.package_identification:_identify(src) by extension 'ignore'
[7.691s] Level 1:colcon.colcon_core.package_identification:_identify(src) by extension 'ignore_ament_install'
[7.691s] Level 1:colcon.colcon_core.package_identification:_identify(src) by extensions ['colcon_pkg']
[7.691s] Level 1:colcon.colcon_core.package_identification:_identify(src) by extension 'colcon_pkg'
[7.691s] Level 1:colcon.colcon_core.package_identification:_identify(src) by extensions ['colcon_meta']
[7.691s] Level 1:colcon.colcon_core.package_identification:_identify(src) by extension 'colcon_meta'
[7.691s] Level 1:colcon.colcon_core.package_identification:_identify(src) by extensions ['ros']
[7.691s] Level 1:colcon.colcon_core.package_identification:_identify(src) by extension 'ros'
[7.691s] Level 1:colcon.colcon_core.package_identification:_identify(src) by extensions ['cmake', 'python']
[7.691s] Level 1:colcon.colcon_core.package_identification:_identify(src) by extension 'cmake'
[7.691s] Level 1:colcon.colcon_core.package_identification:_identify(src) by extension 'python'
[7.691s] Level 1:colcon.colcon_core.package_identification:_identify(src) by extensions ['python_setup_py']
[7.691s] Level 1:colcon.colcon_core.package_identification:_identify(src) by extension 'python_setup_py'
[7.691s] Level 1:colcon.colcon_core.package_identification:_identify(src/build) by extensions ['ignore', 'ignore_ament_install']
[7.691s] Level 1:colcon.colcon_core.package_identification:_identify(src/build) by extension 'ignore'
[7.691s] Level 1:colcon.colcon_core.package_identification:_identify(src/build) ignored
[7.692s] Level 1:colcon.colcon_core.package_identification:_identify(src/install) by extensions ['ignore', 'ignore_ament_install']
[7.692s] Level 1:colcon.colcon_core.package_identification:_identify(src/install) by extension 'ignore'
[7.692s] Level 1:colcon.colcon_core.package_identification:_identify(src/install) ignored
[7.692s] Level 1:colcon.colcon_core.package_identification:_identify(src/log) by extensions ['ignore', 'ignore_ament_install']
[7.692s] Level 1:colcon.colcon_core.package_identification:_identify(src/log) by extension 'ignore'
[7.692s] Level 1:colcon.colcon_core.package_identification:_identify(src/log) ignored
[7.692s] Level 1:colcon.colcon_core.package_identification:_identify(src/my_package) by extensions ['ignore', 'ignore_ament_install']
[7.692s] Level 1:colcon.colcon_core.package_identification:_identify(src/my_package) by extension 'ignore'
[7.692s] Level 1:colcon.colcon_core.package_identification:_identify(src/my_package) by extension 'ignore_ament_install'
[7.692s] Level 1:colcon.colcon_core.package_identification:_identify(src/my_package) by extensions ['colcon_pkg']
[7.693s] Level 1:colcon.colcon_core.package_identification:_identify(src/my_package) by extension 'colcon_pkg'
[7.693s] Level 1:colcon.colcon_core.package_identification:_identify(src/my_package) by extensions ['colcon_meta']
[7.693s] Level 1:colcon.colcon_core.package_identification:_identify(src/my_package) by extension 'colcon_meta'
[7.693s] Level 1:colcon.colcon_core.package_identification:_identify(src/my_package) by extensions ['ros']
[7.693s] Level 1:colcon.colcon_core.package_identification:_identify(src/my_package) by extension 'ros'
[7.757s] DEBUG:colcon.colcon_core.package_identification:Package 'src/my_package' with type 'ros.ament_cmake' and name 'my_package'
[7.757s] Level 1:colcon.colcon_core.package_identification:_identify(src/publisher_package) by extensions ['ignore', 'ignore_ament_install']
[7.758s] Level 1:colcon.colcon_core.package_identification:_identify(src/publisher_package) by extension 'ignore'
[7.758s] Level 1:colcon.colcon_core.package_identification:_identify(src/publisher_package) by extension 'ignore_ament_install'
[7.758s] Level 1:colcon.colcon_core.package_identification:_identify(src/publisher_package) by extensions ['colcon_pkg']
[7.758s] Level 1:colcon.colcon_core.package_identification:_identify(src/publisher_package) by extension 'colcon_pkg'
[7.758s] Level 1:colcon.colcon_core.package_identification:_identify(src/publisher_package) by extensions ['colcon_meta']
[7.758s] Level 1:colcon.colcon_core.package_identification:_identify(src/publisher_package) by extension 'colcon_meta'
[7.759s] Level 1:colcon.colcon_core.package_identification:_identify(src/publisher_package) by extensions ['ros']
[7.759s] Level 1:colcon.colcon_core.package_identification:_identify(src/publisher_package) by extension 'ros'
[7.799s] DEBUG:colcon.colcon_core.package_identification:Package 'src/publisher_package' with type 'ros.ament_cmake' and name 'publisher_package'
[7.799s] Level 1:colcon.colcon_core.package_discovery:discover_packages(recursive) using defaults
[7.800s] Level 1:colcon.colcon_core.package_discovery:discover_packages(ignore) discover
[7.800s] Level 1:colcon.colcon_core.package_discovery:discover_packages(ignore) using defaults
[7.800s] Level 1:colcon.colcon_core.package_discovery:discover_packages(path) discover
[7.800s] Level 1:colcon.colcon_core.package_discovery:discover_packages(path) using defaults
[8.097s] Level 1:colcon.colcon_core.package_discovery:discover_packages(prefix_path) check parameters
[8.097s] Level 1:colcon.colcon_core.package_discovery:discover_packages(prefix_path) discover
[8.110s] DEBUG:colcon.colcon_installed_package_information.package_discovery:Found 270 installed packages in /opt/ros/humble
[8.113s] Level 1:colcon.colcon_core.package_discovery:discover_packages(prefix_path) using defaults
[8.185s] Level 5:colcon.colcon_core.verb:set package 'my_package' build argument 'cmake_args' from command line to 'None'
[8.185s] Level 5:colcon.colcon_core.verb:set package 'my_package' build argument 'cmake_target' from command line to 'None'
[8.185s] Level 5:colcon.colcon_core.verb:set package 'my_package' build argument 'cmake_target_skip_unavailable' from command line to 'False'
[8.185s] Level 5:colcon.colcon_core.verb:set package 'my_package' build argument 'cmake_clean_cache' from command line to 'False'
[8.185s] Level 5:colcon.colcon_core.verb:set package 'my_package' build argument 'cmake_clean_first' from command line to 'False'
[8.185s] Level 5:colcon.colcon_core.verb:set package 'my_package' build argument 'cmake_force_configure' from command line to 'False'
[8.185s] Level 5:colcon.colcon_core.verb:set package 'my_package' build argument 'ament_cmake_args' from command line to 'None'
[8.185s] Level 5:colcon.colcon_core.verb:set package 'my_package' build argument 'catkin_cmake_args' from command line to 'None'
[8.185s] Level 5:colcon.colcon_core.verb:set package 'my_package' build argument 'catkin_skip_building_tests' from command line to 'False'
[8.185s] DEBUG:colcon.colcon_core.verb:Building package 'my_package' with the following arguments: {'ament_cmake_args': None, 'build_base': '/home/omer/Desktop/dev_ws/build/my_package', 'catkin_cmake_args': None, 'catkin_skip_building_tests': False, 'cmake_args': None, 'cmake_clean_cache': False, 'cmake_clean_first': False, 'cmake_force_configure': False, 'cmake_target': None, 'cmake_target_skip_unavailable': False, 'install_base': '/home/omer/Desktop/dev_ws/install/my_package', 'merge_install': False, 'path': '/home/omer/Desktop/dev_ws/src/my_package', 'symlink_install': False, 'test_result_base': None}
[8.186s] Level 5:colcon.colcon_core.verb:set package 'publisher_package' build argument 'cmake_args' from command line to 'None'
[8.186s] Level 5:colcon.colcon_core.verb:set package 'publisher_package' build argument 'cmake_target' from command line to 'None'
[8.186s] Level 5:colcon.colcon_core.verb:set package 'publisher_package' build argument 'cmake_target_skip_unavailable' from command line to 'False'
[8.186s] Level 5:colcon.colcon_core.verb:set package 'publisher_package' build argument 'cmake_clean_cache' from command line to 'False'
[8.186s] Level 5:colcon.colcon_core.verb:set package 'publisher_package' build argument 'cmake_clean_first' from command line to 'False'
[8.186s] Level 5:colcon.colcon_core.verb:set package 'publisher_package' build argument 'cmake_force_configure' from command line to 'False'
[8.186s] Level 5:colcon.colcon_core.verb:set package 'publisher_package' build argument 'ament_cmake_args' from command line to 'None'
[8.186s] Level 5:colcon.colcon_core.verb:set package 'publisher_package' build argument 'catkin_cmake_args' from command line to 'None'
[8.186s] Level 5:colcon.colcon_core.verb:set package 'publisher_package' build argument 'catkin_skip_building_tests' from command line to 'False'
[8.186s] DEBUG:colcon.colcon_core.verb:Building package 'publisher_package' with the following arguments: {'ament_cmake_args': None, 'build_base': '/home/omer/Desktop/dev_ws/build/publisher_package', 'catkin_cmake_args': None, 'catkin_skip_building_tests': False, 'cmake_args': None, 'cmake_clean_cache': False, 'cmake_clean_first': False, 'cmake_force_configure': False, 'cmake_target': None, 'cmake_target_skip_unavailable': False, 'install_base': '/home/omer/Desktop/dev_ws/install/publisher_package', 'merge_install': False, 'path': '/home/omer/Desktop/dev_ws/src/publisher_package', 'symlink_install': False, 'test_result_base': None}
[8.187s] INFO:colcon.colcon_core.executor:Executing jobs using 'parallel' executor
[8.190s] DEBUG:colcon.colcon_parallel_executor.executor.parallel:run_until_complete
[8.190s] INFO:colcon.colcon_ros.task.ament_cmake.build:Building ROS package in '/home/omer/Desktop/dev_ws/src/my_package' with build type 'ament_cmake'
[8.190s] INFO:colcon.colcon_cmake.task.cmake.build:Building CMake package in '/home/omer/Desktop/dev_ws/src/my_package'
[8.249s] INFO:colcon.colcon_core.plugin_system:Skipping extension 'colcon_core.shell.bat': Not used on non-Windows systems
[8.250s] INFO:colcon.colcon_core.shell:Skip shell extension 'powershell' for command environment: Not usable outside of PowerShell
[8.250s] DEBUG:colcon.colcon_core.shell:Skip shell extension 'dsv' for command environment
[8.271s] INFO:colcon.colcon_ros.task.ament_cmake.build:Building ROS package in '/home/omer/Desktop/dev_ws/src/publisher_package' with build type 'ament_cmake'
[8.272s] INFO:colcon.colcon_cmake.task.cmake.build:Building CMake package in '/home/omer/Desktop/dev_ws/src/publisher_package'
[8.279s] INFO:colcon.colcon_core.shell:Skip shell extension 'powershell' for command environment: Not usable outside of PowerShell
[8.279s] DEBUG:colcon.colcon_core.shell:Skip shell extension 'dsv' for command environment
[8.330s] DEBUG:colcon.colcon_core.event_handler.log_command:Invoking command in '/home/omer/Desktop/dev_ws/build/my_package': CMAKE_PREFIX_PATH=/opt/ros/humble /usr/bin/cmake --build /home/omer/Desktop/dev_ws/build/my_package -- -j8 -l8
[8.460s] DEBUG:colcon.colcon_core.event_handler.log_command:Invoking command in '/home/omer/Desktop/dev_ws/build/publisher_package': CMAKE_PREFIX_PATH=/opt/ros/humble /usr/bin/cmake --build /home/omer/Desktop/dev_ws/build/publisher_package -- -j8 -l8
[9.963s] DEBUG:colcon.colcon_core.event_handler.log_command:Invoked command in '/home/omer/Desktop/dev_ws/build/my_package' returned '0': CMAKE_PREFIX_PATH=/opt/ros/humble /usr/bin/cmake --build /home/omer/Desktop/dev_ws/build/my_package -- -j8 -l8
[9.994s] DEBUG:colcon.colcon_core.event_handler.log_command:Invoking command in '/home/omer/Desktop/dev_ws/build/my_package': CMAKE_PREFIX_PATH=/opt/ros/humble /usr/bin/cmake --install /home/omer/Desktop/dev_ws/build/my_package
[10.141s] Level 1:colcon.colcon_core.environment:create_environment_scripts_only(my_package)
[10.144s] DEBUG:colcon.colcon_core.event_handler.log_command:Invoked command in '/home/omer/Desktop/dev_ws/build/my_package' returned '0': CMAKE_PREFIX_PATH=/opt/ros/humble /usr/bin/cmake --install /home/omer/Desktop/dev_ws/build/my_package
[10.511s] Level 1:colcon.colcon_core.environment:checking '/home/omer/Desktop/dev_ws/install/my_package' for CMake module files
[10.513s] Level 1:colcon.colcon_core.environment:checking '/home/omer/Desktop/dev_ws/install/my_package' for CMake config files
[10.514s] Level 1:colcon.colcon_core.shell:create_environment_hook('my_package', 'cmake_prefix_path')
[10.518s] INFO:colcon.colcon_core.shell:Creating environment hook '/home/omer/Desktop/dev_ws/install/my_package/share/my_package/hook/cmake_prefix_path.ps1'
[10.599s] INFO:colcon.colcon_core.shell:Creating environment descriptor '/home/omer/Desktop/dev_ws/install/my_package/share/my_package/hook/cmake_prefix_path.dsv'
[10.646s] INFO:colcon.colcon_core.shell:Creating environment hook '/home/omer/Desktop/dev_ws/install/my_package/share/my_package/hook/cmake_prefix_path.sh'
[10.693s] Level 1:colcon.colcon_core.environment:checking '/home/omer/Desktop/dev_ws/install/my_package/lib'
[10.694s] Level 1:colcon.colcon_core.environment:checking '/home/omer/Desktop/dev_ws/install/my_package/bin'
[10.694s] Level 1:colcon.colcon_core.environment:checking '/home/omer/Desktop/dev_ws/install/my_package/lib/pkgconfig/my_package.pc'
[10.695s] Level 1:colcon.colcon_core.environment:checking '/home/omer/Desktop/dev_ws/install/my_package/lib/python3.10/site-packages'
[10.696s] Level 1:colcon.colcon_core.environment:checking '/home/omer/Desktop/dev_ws/install/my_package/bin'
[10.701s] INFO:colcon.colcon_core.shell:Creating package script '/home/omer/Desktop/dev_ws/install/my_package/share/my_package/package.ps1'
[10.724s] INFO:colcon.colcon_core.shell:Creating package descriptor '/home/omer/Desktop/dev_ws/install/my_package/share/my_package/package.dsv'
[10.736s] INFO:colcon.colcon_core.shell:Creating package script '/home/omer/Desktop/dev_ws/install/my_package/share/my_package/package.sh'
[10.740s] INFO:colcon.colcon_core.shell:Creating package script '/home/omer/Desktop/dev_ws/install/my_package/share/my_package/package.bash'
[10.809s] INFO:colcon.colcon_core.shell:Creating package script '/home/omer/Desktop/dev_ws/install/my_package/share/my_package/package.zsh'
[10.831s] Level 1:colcon.colcon_core.environment:create_file_with_runtime_dependencies(/home/omer/Desktop/dev_ws/install/my_package/share/colcon-core/packages/my_package)
[10.880s] Level 1:colcon.colcon_core.environment:create_environment_scripts_only(my_package)
[10.882s] Level 1:colcon.colcon_core.environment:checking '/home/omer/Desktop/dev_ws/install/my_package' for CMake module files
[10.883s] Level 1:colcon.colcon_core.environment:checking '/home/omer/Desktop/dev_ws/install/my_package' for CMake config files
[10.883s] Level 1:colcon.colcon_core.shell:create_environment_hook('my_package', 'cmake_prefix_path')
[10.885s] INFO:colcon.colcon_core.shell:Creating environment hook '/home/omer/Desktop/dev_ws/install/my_package/share/my_package/hook/cmake_prefix_path.ps1'
[10.885s] INFO:colcon.colcon_core.shell:Creating environment descriptor '/home/omer/Desktop/dev_ws/install/my_package/share/my_package/hook/cmake_prefix_path.dsv'
[10.885s] INFO:colcon.colcon_core.shell:Creating environment hook '/home/omer/Desktop/dev_ws/install/my_package/share/my_package/hook/cmake_prefix_path.sh'
[10.886s] Level 1:colcon.colcon_core.environment:checking '/home/omer/Desktop/dev_ws/install/my_package/lib'
[10.886s] Level 1:colcon.colcon_core.environment:checking '/home/omer/Desktop/dev_ws/install/my_package/bin'
[10.886s] Level 1:colcon.colcon_core.environment:checking '/home/omer/Desktop/dev_ws/install/my_package/lib/pkgconfig/my_package.pc'
[10.887s] Level 1:colcon.colcon_core.environment:checking '/home/omer/Desktop/dev_ws/install/my_package/lib/python3.10/site-packages'
[10.887s] Level 1:colcon.colcon_core.environment:checking '/home/omer/Desktop/dev_ws/install/my_package/bin'
[10.890s] INFO:colcon.colcon_core.shell:Creating package script '/home/omer/Desktop/dev_ws/install/my_package/share/my_package/package.ps1'
[10.891s] INFO:colcon.colcon_core.shell:Creating package descriptor '/home/omer/Desktop/dev_ws/install/my_package/share/my_package/package.dsv'
[10.891s] INFO:colcon.colcon_core.shell:Creating package script '/home/omer/Desktop/dev_ws/install/my_package/share/my_package/package.sh'
[10.892s] INFO:colcon.colcon_core.shell:Creating package script '/home/omer/Desktop/dev_ws/install/my_package/share/my_package/package.bash'
[10.892s] INFO:colcon.colcon_core.shell:Creating package script '/home/omer/Desktop/dev_ws/install/my_package/share/my_package/package.zsh'
[10.893s] Level 1:colcon.colcon_core.environment:create_file_with_runtime_dependencies(/home/omer/Desktop/dev_ws/install/my_package/share/colcon-core/packages/my_package)
[21.853s] DEBUG:colcon.colcon_core.event_handler.log_command:Invoked command in '/home/omer/Desktop/dev_ws/build/publisher_package' returned '0': CMAKE_PREFIX_PATH=/opt/ros/humble /usr/bin/cmake --build /home/omer/Desktop/dev_ws/build/publisher_package -- -j8 -l8
[21.872s] DEBUG:colcon.colcon_core.event_handler.log_command:Invoking command in '/home/omer/Desktop/dev_ws/build/publisher_package': CMAKE_PREFIX_PATH=/opt/ros/humble /usr/bin/cmake --install /home/omer/Desktop/dev_ws/build/publisher_package
[21.943s] Level 1:colcon.colcon_core.environment:create_environment_scripts_only(publisher_package)
[21.945s] Level 1:colcon.colcon_core.environment:checking '/home/omer/Desktop/dev_ws/install/publisher_package' for CMake module files
[21.946s] DEBUG:colcon.colcon_core.event_handler.log_command:Invoked command in '/home/omer/Desktop/dev_ws/build/publisher_package' returned '0': CMAKE_PREFIX_PATH=/opt/ros/humble /usr/bin/cmake --install /home/omer/Desktop/dev_ws/build/publisher_package
[21.946s] Level 1:colcon.colcon_core.environment:checking '/home/omer/Desktop/dev_ws/install/publisher_package' for CMake config files
[21.946s] Level 1:colcon.colcon_core.shell:create_environment_hook('publisher_package', 'cmake_prefix_path')
[21.948s] INFO:colcon.colcon_core.shell:Creating environment hook '/home/omer/Desktop/dev_ws/install/publisher_package/share/publisher_package/hook/cmake_prefix_path.ps1'
[21.948s] INFO:colcon.colcon_core.shell:Creating environment descriptor '/home/omer/Desktop/dev_ws/install/publisher_package/share/publisher_package/hook/cmake_prefix_path.dsv'
[21.948s] INFO:colcon.colcon_core.shell:Creating environment hook '/home/omer/Desktop/dev_ws/install/publisher_package/share/publisher_package/hook/cmake_prefix_path.sh'
[21.949s] Level 1:colcon.colcon_core.environment:checking '/home/omer/Desktop/dev_ws/install/publisher_package/lib'
[21.949s] Level 1:colcon.colcon_core.environment:checking '/home/omer/Desktop/dev_ws/install/publisher_package/bin'
[21.949s] Level 1:colcon.colcon_core.environment:checking '/home/omer/Desktop/dev_ws/install/publisher_package/lib/pkgconfig/publisher_package.pc'
[21.949s] Level 1:colcon.colcon_core.environment:checking '/home/omer/Desktop/dev_ws/install/publisher_package/lib/python3.10/site-packages'
[21.949s] Level 1:colcon.colcon_core.environment:checking '/home/omer/Desktop/dev_ws/install/publisher_package/bin'
[21.950s] INFO:colcon.colcon_core.shell:Creating package script '/home/omer/Desktop/dev_ws/install/publisher_package/share/publisher_package/package.ps1'
[21.951s] INFO:colcon.colcon_core.shell:Creating package descriptor '/home/omer/Desktop/dev_ws/install/publisher_package/share/publisher_package/package.dsv'
[21.951s] INFO:colcon.colcon_core.shell:Creating package script '/home/omer/Desktop/dev_ws/install/publisher_package/share/publisher_package/package.sh'
[21.951s] INFO:colcon.colcon_core.shell:Creating package script '/home/omer/Desktop/dev_ws/install/publisher_package/share/publisher_package/package.bash'
[21.952s] INFO:colcon.colcon_core.shell:Creating package script '/home/omer/Desktop/dev_ws/install/publisher_package/share/publisher_package/package.zsh'
[21.952s] Level 1:colcon.colcon_core.environment:create_file_with_runtime_dependencies(/home/omer/Desktop/dev_ws/install/publisher_package/share/colcon-core/packages/publisher_package)
[21.971s] Level 1:colcon.colcon_core.environment:create_environment_scripts_only(publisher_package)
[21.973s] Level 1:colcon.colcon_core.environment:checking '/home/omer/Desktop/dev_ws/install/publisher_package' for CMake module files
[21.973s] Level 1:colcon.colcon_core.environment:checking '/home/omer/Desktop/dev_ws/install/publisher_package' for CMake config files
[21.973s] Level 1:colcon.colcon_core.shell:create_environment_hook('publisher_package', 'cmake_prefix_path')
[21.974s] INFO:colcon.colcon_core.shell:Creating environment hook '/home/omer/Desktop/dev_ws/install/publisher_package/share/publisher_package/hook/cmake_prefix_path.ps1'
[21.975s] INFO:colcon.colcon_core.shell:Creating environment descriptor '/home/omer/Desktop/dev_ws/install/publisher_package/share/publisher_package/hook/cmake_prefix_path.dsv'
[21.975s] INFO:colcon.colcon_core.shell:Creating environment hook '/home/omer/Desktop/dev_ws/install/publisher_package/share/publisher_package/hook/cmake_prefix_path.sh'
[21.975s] Level 1:colcon.colcon_core.environment:checking '/home/omer/Desktop/dev_ws/install/publisher_package/lib'
[21.975s] Level 1:colcon.colcon_core.environment:checking '/home/omer/Desktop/dev_ws/install/publisher_package/bin'
[21.975s] Level 1:colcon.colcon_core.environment:checking '/home/omer/Desktop/dev_ws/install/publisher_package/lib/pkgconfig/publisher_package.pc'
[21.976s] Level 1:colcon.colcon_core.environment:checking '/home/omer/Desktop/dev_ws/install/publisher_package/lib/python3.10/site-packages'
[21.976s] Level 1:colcon.colcon_core.environment:checking '/home/omer/Desktop/dev_ws/install/publisher_package/bin'
[21.977s] INFO:colcon.colcon_core.shell:Creating package script '/home/omer/Desktop/dev_ws/install/publisher_package/share/publisher_package/package.ps1'
[21.978s] INFO:colcon.colcon_core.shell:Creating package descriptor '/home/omer/Desktop/dev_ws/install/publisher_package/share/publisher_package/package.dsv'
[21.978s] INFO:colcon.colcon_core.shell:Creating package script '/home/omer/Desktop/dev_ws/install/publisher_package/share/publisher_package/package.sh'
[21.978s] INFO:colcon.colcon_core.shell:Creating package script '/home/omer/Desktop/dev_ws/install/publisher_package/share/publisher_package/package.bash'
[21.979s] INFO:colcon.colcon_core.shell:Creating package script '/home/omer/Desktop/dev_ws/install/publisher_package/share/publisher_package/package.zsh'
[21.979s] Level 1:colcon.colcon_core.environment:create_file_with_runtime_dependencies(/home/omer/Desktop/dev_ws/install/publisher_package/share/colcon-core/packages/publisher_package)
[21.979s] DEBUG:colcon.colcon_parallel_executor.executor.parallel:closing loop
[21.979s] DEBUG:colcon.colcon_parallel_executor.executor.parallel:loop closed
[21.979s] DEBUG:colcon.colcon_parallel_executor.executor.parallel:run_until_complete finished with '0'
[21.980s] DEBUG:colcon.colcon_core.event_reactor:joining thread
[22.022s] INFO:colcon.colcon_core.plugin_system:Skipping extension 'colcon_notification.desktop_notification.terminal_notifier': Not used on non-Darwin systems
[22.022s] INFO:colcon.colcon_core.plugin_system:Skipping extension 'colcon_notification.desktop_notification.win32': Not used on non-Windows systems
[22.022s] INFO:colcon.colcon_notification.desktop_notification:Sending desktop notification using 'notify2'
[22.045s] DEBUG:colcon.colcon_core.event_reactor:joined thread
[22.047s] INFO:colcon.colcon_core.shell:Creating prefix script '/home/omer/Desktop/dev_ws/install/local_setup.ps1'
[22.066s] INFO:colcon.colcon_core.shell:Creating prefix util module '/home/omer/Desktop/dev_ws/install/_local_setup_util_ps1.py'
[22.080s] INFO:colcon.colcon_core.shell:Creating prefix chain script '/home/omer/Desktop/dev_ws/install/setup.ps1'
[22.083s] INFO:colcon.colcon_core.shell:Creating prefix script '/home/omer/Desktop/dev_ws/install/local_setup.sh'
[22.084s] INFO:colcon.colcon_core.shell:Creating prefix util module '/home/omer/Desktop/dev_ws/install/_local_setup_util_sh.py'
[22.085s] INFO:colcon.colcon_core.shell:Creating prefix chain script '/home/omer/Desktop/dev_ws/install/setup.sh'
[22.088s] INFO:colcon.colcon_core.shell:Creating prefix script '/home/omer/Desktop/dev_ws/install/local_setup.bash'
[22.107s] INFO:colcon.colcon_core.shell:Creating prefix chain script '/home/omer/Desktop/dev_ws/install/setup.bash'
[22.111s] INFO:colcon.colcon_core.shell:Creating prefix script '/home/omer/Desktop/dev_ws/install/local_setup.zsh'
[22.130s] INFO:colcon.colcon_core.shell:Creating prefix chain script '/home/omer/Desktop/dev_ws/install/setup.zsh'
