[0.013s] Invoking command in '/home/omer/Desktop/dev_ws/build/publisher_package': CMAKE_PREFIX_PATH=/opt/ros/humble /usr/bin/cmake --build /home/omer/Desktop/dev_ws/build/publisher_package -- -j8 -l8
[0.045s] [35m[1mConsolidate compiler generated dependencies of target listener[0m
[0.055s] [ 50%] Built target talker
[0.059s] [ 75%] [32mBuilding CXX object CMakeFiles/listener.dir/src/subscriber_node.cpp.o[0m
[8.422s] [100%] [32m[1mLinking CXX executable listener[0m
[9.148s] [100%] Built target listener
[9.157s] Invoked command in '/home/omer/Desktop/dev_ws/build/publisher_package' returned '0': CMAKE_PREFIX_PATH=/opt/ros/humble /usr/bin/cmake --build /home/omer/Desktop/dev_ws/build/publisher_package -- -j8 -l8
[9.262s] Invoking command in '/home/omer/Desktop/dev_ws/build/publisher_package': CMAKE_PREFIX_PATH=/opt/ros/humble /usr/bin/cmake --install /home/omer/Desktop/dev_ws/build/publisher_package
[9.287s] -- Install configuration: ""
[9.287s] -- Up-to-date: /home/omer/Desktop/dev_ws/install/publisher_package/lib/publisher_package/talker
[9.288s] -- Installing: /home/omer/Desktop/dev_ws/install/publisher_package/lib/publisher_package/listener
[9.301s] -- Set runtime path of "/home/omer/Desktop/dev_ws/install/publisher_package/lib/publisher_package/listener" to ""
[9.301s] -- Up-to-date: /home/omer/Desktop/dev_ws/install/publisher_package/share/ament_index/resource_index/package_run_dependencies/publisher_package
[9.302s] -- Up-to-date: /home/omer/Desktop/dev_ws/install/publisher_package/share/ament_index/resource_index/parent_prefix_path/publisher_package
[9.302s] -- Up-to-date: /home/omer/Desktop/dev_ws/install/publisher_package/share/publisher_package/environment/ament_prefix_path.sh
[9.303s] -- Installing: /home/omer/Desktop/dev_ws/install/publisher_package/share/publisher_package/environment/ament_prefix_path.dsv
[9.303s] -- Up-to-date: /home/omer/Desktop/dev_ws/install/publisher_package/share/publisher_package/environment/path.sh
[9.304s] -- Installing: /home/omer/Desktop/dev_ws/install/publisher_package/share/publisher_package/environment/path.dsv
[9.304s] -- Up-to-date: /home/omer/Desktop/dev_ws/install/publisher_package/share/publisher_package/local_setup.bash
[9.305s] -- Up-to-date: /home/omer/Desktop/dev_ws/install/publisher_package/share/publisher_package/local_setup.sh
[9.305s] -- Up-to-date: /home/omer/Desktop/dev_ws/install/publisher_package/share/publisher_package/local_setup.zsh
[9.306s] -- Installing: /home/omer/Desktop/dev_ws/install/publisher_package/share/publisher_package/local_setup.dsv
[9.306s] -- Installing: /home/omer/Desktop/dev_ws/install/publisher_package/share/publisher_package/package.dsv
[9.307s] -- Up-to-date: /home/omer/Desktop/dev_ws/install/publisher_package/share/ament_index/resource_index/packages/publisher_package
[9.307s] -- Up-to-date: /home/omer/Desktop/dev_ws/install/publisher_package/share/publisher_package/cmake/publisher_packageConfig.cmake
[9.307s] -- Up-to-date: /home/omer/Desktop/dev_ws/install/publisher_package/share/publisher_package/cmake/publisher_packageConfig-version.cmake
[9.308s] -- Up-to-date: /home/omer/Desktop/dev_ws/install/publisher_package/share/publisher_package/package.xml
[9.310s] Invoked command in '/home/omer/Desktop/dev_ws/build/publisher_package' returned '0': CMAKE_PREFIX_PATH=/opt/ros/humble /usr/bin/cmake --install /home/omer/Desktop/dev_ws/build/publisher_package
