[0.458s] Invoking command in '/home/omer/Desktop/dev_ws/build/sbus_demo': CMAKE_PREFIX_PATH=/opt/ros/humble /usr/bin/cmake /home/omer/Desktop/dev_ws/src/sbus_demo -DCMAKE_INSTALL_PREFIX=/home/omer/Desktop/dev_ws/install/sbus_demo
[4.465s] -- The C compiler identification is GNU 11.2.0
[6.358s] -- The CXX compiler identification is GNU 11.2.0
[6.853s] -- Detecting C compiler ABI info
[7.548s] -- Detecting C compiler ABI info - done
[7.559s] -- Check for working C compiler: /usr/bin/cc - skipped
[7.559s] -- Detecting C compile features
[7.592s] -- Detecting C compile features - done
[7.605s] -- Detecting CXX compiler ABI info
[7.888s] -- Detecting CXX compiler ABI info - done
[7.896s] -- Check for working CXX compiler: /usr/bin/c++ - skipped
[7.896s] -- Detecting CXX compile features
[7.897s] -- Detecting CXX compile features - done
[8.185s] -- Found ament_cmake: 1.3.2 (/opt/ros/humble/share/ament_cmake/cmake)
[8.806s] -- Found Python3: /usr/bin/python3.10 (found version "3.10.4") found components: Interpreter 
[9.804s] -- Found rclcpp: 16.0.1 (/opt/ros/humble/share/rclcpp/cmake)
[10.244s] -- Found rosidl_generator_c: 3.1.3 (/opt/ros/humble/share/rosidl_generator_c/cmake)
[10.269s] -- Found rosidl_adapter: 3.1.3 (/opt/ros/humble/share/rosidl_adapter/cmake)
[10.291s] -- Found rosidl_generator_cpp: 3.1.3 (/opt/ros/humble/share/rosidl_generator_cpp/cmake)
[10.336s] -- Using all available rosidl_typesupport_c: rosidl_typesupport_fastrtps_c;rosidl_typesupport_introspection_c
[10.409s] -- Using all available rosidl_typesupport_cpp: rosidl_typesupport_fastrtps_cpp;rosidl_typesupport_introspection_cpp
[10.516s] -- Found rmw_implementation_cmake: 6.1.0 (/opt/ros/humble/share/rmw_implementation_cmake/cmake)
[10.529s] -- Found rmw_fastrtps_cpp: 6.2.1 (/opt/ros/humble/share/rmw_fastrtps_cpp/cmake)
[11.109s] -- Found OpenSSL: /usr/lib/x86_64-linux-gnu/libcrypto.so (found version "3.0.2")  
[11.158s] -- Found FastRTPS: /opt/ros/humble/include  
[11.196s] -- Using RMW implementation 'rmw_fastrtps_cpp' as default
[11.380s] [31mCMake Error at /opt/ros/humble/share/ament_cmake_target_dependencies/cmake/ament_target_dependencies.cmake:42 (message):
[11.381s]   ament_target_dependencies() the first argument must be a valid target name
[11.381s] Call Stack (most recent call first):
[11.381s]   CMakeLists.txt:14 (ament_target_dependencies)
[11.381s] 
[11.381s] [0m
[11.381s] -- Configuring incomplete, errors occurred!
[11.381s] See also "/home/omer/Desktop/dev_ws/build/sbus_demo/CMakeFiles/CMakeOutput.log".
[11.387s] Invoked command in '/home/omer/Desktop/dev_ws/build/sbus_demo' returned '1': CMAKE_PREFIX_PATH=/opt/ros/humble /usr/bin/cmake /home/omer/Desktop/dev_ws/src/sbus_demo -DCMAKE_INSTALL_PREFIX=/home/omer/Desktop/dev_ws/install/sbus_demo
