[0.015s] Invoking command in '/home/omer/Desktop/dev_ws/build/my_package': CMAKE_PREFIX_PATH=/opt/ros/humble /usr/bin/cmake --build /home/omer/Desktop/dev_ws/build/my_package -- -j8 -l8
[0.156s] [35m[1mConsolidate compiler generated dependencies of target my_node[0m
[0.175s] [100%] Built target my_node
[0.211s] Invoked command in '/home/omer/Desktop/dev_ws/build/my_package' returned '0': CMAKE_PREFIX_PATH=/opt/ros/humble /usr/bin/cmake --build /home/omer/Desktop/dev_ws/build/my_package -- -j8 -l8
[0.245s] Invoking command in '/home/omer/Desktop/dev_ws/build/my_package': CMAKE_PREFIX_PATH=/opt/ros/humble /usr/bin/cmake --install /home/omer/Desktop/dev_ws/build/my_package
[0.250s] -- Install configuration: ""
[0.250s] -- Up-to-date: /home/omer/Desktop/dev_ws/install/my_package/lib/my_package/my_node
[0.250s] -- Up-to-date: /home/omer/Desktop/dev_ws/install/my_package/share/ament_index/resource_index/package_run_dependencies/my_package
[0.250s] -- Up-to-date: /home/omer/Desktop/dev_ws/install/my_package/share/ament_index/resource_index/parent_prefix_path/my_package
[0.250s] -- Up-to-date: /home/omer/Desktop/dev_ws/install/my_package/share/my_package/environment/ament_prefix_path.sh
[0.251s] -- Up-to-date: /home/omer/Desktop/dev_ws/install/my_package/share/my_package/environment/ament_prefix_path.dsv
[0.251s] -- Up-to-date: /home/omer/Desktop/dev_ws/install/my_package/share/my_package/environment/path.sh
[0.251s] -- Up-to-date: /home/omer/Desktop/dev_ws/install/my_package/share/my_package/environment/path.dsv
[0.251s] -- Up-to-date: /home/omer/Desktop/dev_ws/install/my_package/share/my_package/local_setup.bash
[0.251s] -- Up-to-date: /home/omer/Desktop/dev_ws/install/my_package/share/my_package/local_setup.sh
[0.251s] -- Up-to-date: /home/omer/Desktop/dev_ws/install/my_package/share/my_package/local_setup.zsh
[0.251s] -- Up-to-date: /home/omer/Desktop/dev_ws/install/my_package/share/my_package/local_setup.dsv
[0.251s] -- Installing: /home/omer/Desktop/dev_ws/install/my_package/share/my_package/package.dsv
[0.252s] [31mCMake Error at cmake_install.cmake:106 (file):
[0.252s]   file INSTALL cannot copy file
[0.252s]   "/home/omer/Desktop/dev_ws/build/my_package/ament_cmake_environment_hooks/package.dsv"
[0.252s]   to
[0.253s]   "/home/omer/Desktop/dev_ws/install/my_package/share/my_package/package.dsv":
[0.253s]   No such file or directory.
[0.254s] 
[0.254s] [0m
[0.255s] Invoked command in '/home/omer/Desktop/dev_ws/build/my_package' returned '1': CMAKE_PREFIX_PATH=/opt/ros/humble /usr/bin/cmake --install /home/omer/Desktop/dev_ws/build/my_package
